<?xml version="1.0" encoding="UTF-8"?>
<testsuite xmlns:xsi="http://www.w3.org/2001/XMLSchema-instance" xsi:noNamespaceSchemaLocation="https://maven.apache.org/surefire/maven-surefire-plugin/xsd/surefire-test-report.xsd" name="no.shoppifly.CartServiceTest" time="0.118" tests="1" errors="0" skipped="0" failures="0">
  <properties>
    <property name="awt.toolkit" value="sun.awt.X11.XToolkit"/>
    <property name="java.specification.version" value="11"/>
    <property name="sun.cpu.isalist" value=""/>
    <property name="sun.jnu.encoding" value="UTF-8"/>
    <property name="java.class.path" value="/home/ec2-user/environment/Eksamen-DevOps/target/test-classes:/home/ec2-user/environment/Eksamen-DevOps/target/classes:/home/ec2-user/.m2/repository/org/springframework/boot/spring-boot-starter-data-jpa/2.5.4/spring-boot-starter-data-jpa-2.5.4.jar:/home/ec2-user/.m2/repository/org/springframework/boot/spring-boot-starter-aop/2.5.4/spring-boot-starter-aop-2.5.4.jar:/home/ec2-user/.m2/repository/org/springframework/spring-aop/5.3.9/spring-aop-5.3.9.jar:/home/ec2-user/.m2/repository/org/aspectj/aspectjweaver/1.9.7/aspectjweaver-1.9.7.jar:/home/ec2-user/.m2/repository/org/springframework/boot/spring-boot-starter-jdbc/2.5.4/spring-boot-starter-jdbc-2.5.4.jar:/home/ec2-user/.m2/repository/com/zaxxer/HikariCP/4.0.3/HikariCP-4.0.3.jar:/home/ec2-user/.m2/repository/org/springframework/spring-jdbc/5.3.9/spring-jdbc-5.3.9.jar:/home/ec2-user/.m2/repository/jakarta/transaction/jakarta.transaction-api/1.3.3/jakarta.transaction-api-1.3.3.jar:/home/ec2-user/.m2/repository/jakarta/persistence/jakarta.persistence-api/2.2.3/jakarta.persistence-api-2.2.3.jar:/home/ec2-user/.m2/repository/org/hibernate/hibernate-core/5.4.32.Final/hibernate-core-5.4.32.Final.jar:/home/ec2-user/.m2/repository/org/jboss/logging/jboss-logging/3.4.2.Final/jboss-logging-3.4.2.Final.jar:/home/ec2-user/.m2/repository/org/javassist/javassist/3.27.0-GA/javassist-3.27.0-GA.jar:/home/ec2-user/.m2/repository/net/bytebuddy/byte-buddy/1.10.22/byte-buddy-1.10.22.jar:/home/ec2-user/.m2/repository/antlr/antlr/2.7.7/antlr-2.7.7.jar:/home/ec2-user/.m2/repository/org/jboss/jandex/2.2.3.Final/jandex-2.2.3.Final.jar:/home/ec2-user/.m2/repository/com/fasterxml/classmate/1.5.1/classmate-1.5.1.jar:/home/ec2-user/.m2/repository/org/dom4j/dom4j/2.1.3/dom4j-2.1.3.jar:/home/ec2-user/.m2/repository/org/hibernate/common/hibernate-commons-annotations/5.1.2.Final/hibernate-commons-annotations-5.1.2.Final.jar:/home/ec2-user/.m2/repository/org/glassfish/jaxb/jaxb-runtime/2.3.5/jaxb-runtime-2.3.5.jar:/home/ec2-user/.m2/repository/org/glassfish/jaxb/txw2/2.3.5/txw2-2.3.5.jar:/home/ec2-user/.m2/repository/com/sun/istack/istack-commons-runtime/3.0.12/istack-commons-runtime-3.0.12.jar:/home/ec2-user/.m2/repository/com/sun/activation/jakarta.activation/1.2.2/jakarta.activation-1.2.2.jar:/home/ec2-user/.m2/repository/org/springframework/data/spring-data-jpa/2.5.4/spring-data-jpa-2.5.4.jar:/home/ec2-user/.m2/repository/org/springframework/data/spring-data-commons/2.5.4/spring-data-commons-2.5.4.jar:/home/ec2-user/.m2/repository/org/springframework/spring-orm/5.3.9/spring-orm-5.3.9.jar:/home/ec2-user/.m2/repository/org/springframework/spring-context/5.3.9/spring-context-5.3.9.jar:/home/ec2-user/.m2/repository/org/springframework/spring-tx/5.3.9/spring-tx-5.3.9.jar:/home/ec2-user/.m2/repository/org/springframework/spring-beans/5.3.9/spring-beans-5.3.9.jar:/home/ec2-user/.m2/repository/org/springframework/spring-aspects/5.3.9/spring-aspects-5.3.9.jar:/home/ec2-user/.m2/repository/com/h2database/h2/1.4.200/h2-1.4.200.jar:/home/ec2-user/.m2/repository/org/springframework/boot/spring-boot-starter-web/2.5.4/spring-boot-starter-web-2.5.4.jar:/home/ec2-user/.m2/repository/org/springframework/boot/spring-boot-starter/2.5.4/spring-boot-starter-2.5.4.jar:/home/ec2-user/.m2/repository/org/springframework/boot/spring-boot/2.5.4/spring-boot-2.5.4.jar:/home/ec2-user/.m2/repository/org/springframework/boot/spring-boot-autoconfigure/2.5.4/spring-boot-autoconfigure-2.5.4.jar:/home/ec2-user/.m2/repository/org/springframework/boot/spring-boot-starter-logging/2.5.4/spring-boot-starter-logging-2.5.4.jar:/home/ec2-user/.m2/repository/ch/qos/logback/logback-classic/1.2.5/logback-classic-1.2.5.jar:/home/ec2-user/.m2/repository/ch/qos/logback/logback-core/1.2.5/logback-core-1.2.5.jar:/home/ec2-user/.m2/repository/org/apache/logging/log4j/log4j-to-slf4j/2.14.1/log4j-to-slf4j-2.14.1.jar:/home/ec2-user/.m2/repository/org/apache/logging/log4j/log4j-api/2.14.1/log4j-api-2.14.1.jar:/home/ec2-user/.m2/repository/org/slf4j/jul-to-slf4j/1.7.32/jul-to-slf4j-1.7.32.jar:/home/ec2-user/.m2/repository/jakarta/annotation/jakarta.annotation-api/1.3.5/jakarta.annotation-api-1.3.5.jar:/home/ec2-user/.m2/repository/org/yaml/snakeyaml/1.28/snakeyaml-1.28.jar:/home/ec2-user/.m2/repository/org/springframework/boot/spring-boot-starter-json/2.5.4/spring-boot-starter-json-2.5.4.jar:/home/ec2-user/.m2/repository/com/fasterxml/jackson/core/jackson-databind/2.12.4/jackson-databind-2.12.4.jar:/home/ec2-user/.m2/repository/com/fasterxml/jackson/core/jackson-annotations/2.12.4/jackson-annotations-2.12.4.jar:/home/ec2-user/.m2/repository/com/fasterxml/jackson/core/jackson-core/2.12.4/jackson-core-2.12.4.jar:/home/ec2-user/.m2/repository/com/fasterxml/jackson/datatype/jackson-datatype-jdk8/2.12.4/jackson-datatype-jdk8-2.12.4.jar:/home/ec2-user/.m2/repository/com/fasterxml/jackson/datatype/jackson-datatype-jsr310/2.12.4/jackson-datatype-jsr310-2.12.4.jar:/home/ec2-user/.m2/repository/com/fasterxml/jackson/module/jackson-module-parameter-names/2.12.4/jackson-module-parameter-names-2.12.4.jar:/home/ec2-user/.m2/repository/org/springframework/boot/spring-boot-starter-tomcat/2.5.4/spring-boot-starter-tomcat-2.5.4.jar:/home/ec2-user/.m2/repository/org/apache/tomcat/embed/tomcat-embed-core/9.0.52/tomcat-embed-core-9.0.52.jar:/home/ec2-user/.m2/repository/org/apache/tomcat/embed/tomcat-embed-el/9.0.52/tomcat-embed-el-9.0.52.jar:/home/ec2-user/.m2/repository/org/apache/tomcat/embed/tomcat-embed-websocket/9.0.52/tomcat-embed-websocket-9.0.52.jar:/home/ec2-user/.m2/repository/org/springframework/spring-web/5.3.9/spring-web-5.3.9.jar:/home/ec2-user/.m2/repository/org/springframework/spring-webmvc/5.3.9/spring-webmvc-5.3.9.jar:/home/ec2-user/.m2/repository/org/springframework/spring-expression/5.3.9/spring-expression-5.3.9.jar:/home/ec2-user/.m2/repository/org/springframework/boot/spring-boot-starter-test/2.5.4/spring-boot-starter-test-2.5.4.jar:/home/ec2-user/.m2/repository/org/springframework/boot/spring-boot-test/2.5.4/spring-boot-test-2.5.4.jar:/home/ec2-user/.m2/repository/org/springframework/boot/spring-boot-test-autoconfigure/2.5.4/spring-boot-test-autoconfigure-2.5.4.jar:/home/ec2-user/.m2/repository/com/jayway/jsonpath/json-path/2.5.0/json-path-2.5.0.jar:/home/ec2-user/.m2/repository/net/minidev/json-smart/2.4.7/json-smart-2.4.7.jar:/home/ec2-user/.m2/repository/net/minidev/accessors-smart/2.4.7/accessors-smart-2.4.7.jar:/home/ec2-user/.m2/repository/org/ow2/asm/asm/9.1/asm-9.1.jar:/home/ec2-user/.m2/repository/jakarta/xml/bind/jakarta.xml.bind-api/2.3.3/jakarta.xml.bind-api-2.3.3.jar:/home/ec2-user/.m2/repository/jakarta/activation/jakarta.activation-api/1.2.2/jakarta.activation-api-1.2.2.jar:/home/ec2-user/.m2/repository/org/assertj/assertj-core/3.19.0/assertj-core-3.19.0.jar:/home/ec2-user/.m2/repository/org/hamcrest/hamcrest/2.2/hamcrest-2.2.jar:/home/ec2-user/.m2/repository/org/junit/jupiter/junit-jupiter/5.7.2/junit-jupiter-5.7.2.jar:/home/ec2-user/.m2/repository/org/junit/jupiter/junit-jupiter-api/5.7.2/junit-jupiter-api-5.7.2.jar:/home/ec2-user/.m2/repository/org/apiguardian/apiguardian-api/1.1.0/apiguardian-api-1.1.0.jar:/home/ec2-user/.m2/repository/org/opentest4j/opentest4j/1.2.0/opentest4j-1.2.0.jar:/home/ec2-user/.m2/repository/org/junit/platform/junit-platform-commons/1.7.2/junit-platform-commons-1.7.2.jar:/home/ec2-user/.m2/repository/org/junit/jupiter/junit-jupiter-params/5.7.2/junit-jupiter-params-5.7.2.jar:/home/ec2-user/.m2/repository/org/junit/jupiter/junit-jupiter-engine/5.7.2/junit-jupiter-engine-5.7.2.jar:/home/ec2-user/.m2/repository/org/junit/platform/junit-platform-engine/1.7.2/junit-platform-engine-1.7.2.jar:/home/ec2-user/.m2/repository/org/mockito/mockito-core/3.9.0/mockito-core-3.9.0.jar:/home/ec2-user/.m2/repository/net/bytebuddy/byte-buddy-agent/1.10.22/byte-buddy-agent-1.10.22.jar:/home/ec2-user/.m2/repository/org/objenesis/objenesis/3.2/objenesis-3.2.jar:/home/ec2-user/.m2/repository/org/mockito/mockito-junit-jupiter/3.9.0/mockito-junit-jupiter-3.9.0.jar:/home/ec2-user/.m2/repository/org/skyscreamer/jsonassert/1.5.0/jsonassert-1.5.0.jar:/home/ec2-user/.m2/repository/com/vaadin/external/google/android-json/0.0.20131108.vaadin1/android-json-0.0.20131108.vaadin1.jar:/home/ec2-user/.m2/repository/org/springframework/spring-core/5.3.9/spring-core-5.3.9.jar:/home/ec2-user/.m2/repository/org/springframework/spring-jcl/5.3.9/spring-jcl-5.3.9.jar:/home/ec2-user/.m2/repository/org/springframework/spring-test/5.3.9/spring-test-5.3.9.jar:/home/ec2-user/.m2/repository/org/xmlunit/xmlunit-core/2.8.2/xmlunit-core-2.8.2.jar:/home/ec2-user/.m2/repository/junit/junit/4.13.2/junit-4.13.2.jar:/home/ec2-user/.m2/repository/org/hamcrest/hamcrest-core/2.2/hamcrest-core-2.2.jar:/home/ec2-user/.m2/repository/org/projectlombok/lombok/1.18.20/lombok-1.18.20.jar:/home/ec2-user/.m2/repository/io/micrometer/micrometer-registry-cloudwatch2/1.7.3/micrometer-registry-cloudwatch2-1.7.3.jar:/home/ec2-user/.m2/repository/io/micrometer/micrometer-core/1.7.3/micrometer-core-1.7.3.jar:/home/ec2-user/.m2/repository/org/hdrhistogram/HdrHistogram/2.1.12/HdrHistogram-2.1.12.jar:/home/ec2-user/.m2/repository/org/latencyutils/LatencyUtils/2.0.3/LatencyUtils-2.0.3.jar:/home/ec2-user/.m2/repository/software/amazon/awssdk/cloudwatch/2.16.104/cloudwatch-2.16.104.jar:/home/ec2-user/.m2/repository/software/amazon/awssdk/aws-query-protocol/2.16.104/aws-query-protocol-2.16.104.jar:/home/ec2-user/.m2/repository/software/amazon/awssdk/protocol-core/2.16.104/protocol-core-2.16.104.jar:/home/ec2-user/.m2/repository/software/amazon/awssdk/sdk-core/2.16.104/sdk-core-2.16.104.jar:/home/ec2-user/.m2/repository/software/amazon/awssdk/auth/2.16.104/auth-2.16.104.jar:/home/ec2-user/.m2/repository/software/amazon/eventstream/eventstream/1.0.1/eventstream-1.0.1.jar:/home/ec2-user/.m2/repository/software/amazon/awssdk/http-client-spi/2.16.104/http-client-spi-2.16.104.jar:/home/ec2-user/.m2/repository/software/amazon/awssdk/regions/2.16.104/regions-2.16.104.jar:/home/ec2-user/.m2/repository/software/amazon/awssdk/aws-core/2.16.104/aws-core-2.16.104.jar:/home/ec2-user/.m2/repository/software/amazon/awssdk/metrics-spi/2.16.104/metrics-spi-2.16.104.jar:/home/ec2-user/.m2/repository/software/amazon/awssdk/apache-client/2.16.104/apache-client-2.16.104.jar:/home/ec2-user/.m2/repository/org/apache/httpcomponents/httpclient/4.5.13/httpclient-4.5.13.jar:/home/ec2-user/.m2/repository/commons-codec/commons-codec/1.15/commons-codec-1.15.jar:/home/ec2-user/.m2/repository/org/apache/httpcomponents/httpcore/4.4.14/httpcore-4.4.14.jar:/home/ec2-user/.m2/repository/software/amazon/awssdk/netty-nio-client/2.16.104/netty-nio-client-2.16.104.jar:/home/ec2-user/.m2/repository/io/netty/netty-codec-http/4.1.67.Final/netty-codec-http-4.1.67.Final.jar:/home/ec2-user/.m2/repository/io/netty/netty-codec-http2/4.1.67.Final/netty-codec-http2-4.1.67.Final.jar:/home/ec2-user/.m2/repository/io/netty/netty-codec/4.1.67.Final/netty-codec-4.1.67.Final.jar:/home/ec2-user/.m2/repository/io/netty/netty-transport/4.1.67.Final/netty-transport-4.1.67.Final.jar:/home/ec2-user/.m2/repository/io/netty/netty-resolver/4.1.67.Final/netty-resolver-4.1.67.Final.jar:/home/ec2-user/.m2/repository/io/netty/netty-common/4.1.67.Final/netty-common-4.1.67.Final.jar:/home/ec2-user/.m2/repository/io/netty/netty-buffer/4.1.67.Final/netty-buffer-4.1.67.Final.jar:/home/ec2-user/.m2/repository/io/netty/netty-handler/4.1.67.Final/netty-handler-4.1.67.Final.jar:/home/ec2-user/.m2/repository/io/netty/netty-transport-native-epoll/4.1.67.Final/netty-transport-native-epoll-4.1.67.Final-linux-x86_64.jar:/home/ec2-user/.m2/repository/io/netty/netty-transport-native-unix-common/4.1.67.Final/netty-transport-native-unix-common-4.1.67.Final.jar:/home/ec2-user/.m2/repository/com/typesafe/netty/netty-reactive-streams-http/2.0.5/netty-reactive-streams-http-2.0.5.jar:/home/ec2-user/.m2/repository/com/typesafe/netty/netty-reactive-streams/2.0.5/netty-reactive-streams-2.0.5.jar:/home/ec2-user/.m2/repository/org/slf4j/slf4j-api/1.7.32/slf4j-api-1.7.32.jar:/home/ec2-user/.m2/repository/software/amazon/awssdk/utils/2.17.292/utils-2.17.292.jar:/home/ec2-user/.m2/repository/org/reactivestreams/reactive-streams/1.0.3/reactive-streams-1.0.3.jar:/home/ec2-user/.m2/repository/software/amazon/awssdk/annotations/2.17.292/annotations-2.17.292.jar:/home/ec2-user/.m2/repository/software/amazon/awssdk/aws-sdk-java/2.17.292/aws-sdk-java-2.17.292.jar:/home/ec2-user/.m2/repository/software/amazon/awssdk/acm/2.17.292/acm-2.17.292.jar:/home/ec2-user/.m2/repository/software/amazon/awssdk/aws-json-protocol/2.17.292/aws-json-protocol-2.17.292.jar:/home/ec2-user/.m2/repository/software/amazon/awssdk/acmpca/2.17.292/acmpca-2.17.292.jar:/home/ec2-user/.m2/repository/software/amazon/awssdk/alexaforbusiness/2.17.292/alexaforbusiness-2.17.292.jar:/home/ec2-user/.m2/repository/software/amazon/awssdk/amplify/2.17.292/amplify-2.17.292.jar:/home/ec2-user/.m2/repository/software/amazon/awssdk/apigateway/2.17.292/apigateway-2.17.292.jar:/home/ec2-user/.m2/repository/software/amazon/awssdk/apigatewaymanagementapi/2.17.292/apigatewaymanagementapi-2.17.292.jar:/home/ec2-user/.m2/repository/software/amazon/awssdk/apigatewayv2/2.17.292/apigatewayv2-2.17.292.jar:/home/ec2-user/.m2/repository/software/amazon/awssdk/applicationautoscaling/2.17.292/applicationautoscaling-2.17.292.jar:/home/ec2-user/.m2/repository/software/amazon/awssdk/applicationdiscovery/2.17.292/applicationdiscovery-2.17.292.jar:/home/ec2-user/.m2/repository/software/amazon/awssdk/appmesh/2.17.292/appmesh-2.17.292.jar:/home/ec2-user/.m2/repository/software/amazon/awssdk/appstream/2.17.292/appstream-2.17.292.jar:/home/ec2-user/.m2/repository/software/amazon/awssdk/appsync/2.17.292/appsync-2.17.292.jar:/home/ec2-user/.m2/repository/software/amazon/awssdk/athena/2.17.292/athena-2.17.292.jar:/home/ec2-user/.m2/repository/software/amazon/awssdk/autoscaling/2.17.292/autoscaling-2.17.292.jar:/home/ec2-user/.m2/repository/software/amazon/awssdk/autoscalingplans/2.17.292/autoscalingplans-2.17.292.jar:/home/ec2-user/.m2/repository/software/amazon/awssdk/backup/2.17.292/backup-2.17.292.jar:/home/ec2-user/.m2/repository/software/amazon/awssdk/batch/2.17.292/batch-2.17.292.jar:/home/ec2-user/.m2/repository/software/amazon/awssdk/budgets/2.17.292/budgets-2.17.292.jar:/home/ec2-user/.m2/repository/software/amazon/awssdk/chime/2.17.292/chime-2.17.292.jar:/home/ec2-user/.m2/repository/software/amazon/awssdk/cloud9/2.17.292/cloud9-2.17.292.jar:/home/ec2-user/.m2/repository/software/amazon/awssdk/clouddirectory/2.17.292/clouddirectory-2.17.292.jar:/home/ec2-user/.m2/repository/software/amazon/awssdk/cloudformation/2.17.292/cloudformation-2.17.292.jar:/home/ec2-user/.m2/repository/software/amazon/awssdk/cloudfront/2.17.292/cloudfront-2.17.292.jar:/home/ec2-user/.m2/repository/software/amazon/awssdk/aws-xml-protocol/2.17.292/aws-xml-protocol-2.17.292.jar:/home/ec2-user/.m2/repository/software/amazon/awssdk/cloudhsm/2.17.292/cloudhsm-2.17.292.jar:/home/ec2-user/.m2/repository/software/amazon/awssdk/cloudhsmv2/2.17.292/cloudhsmv2-2.17.292.jar:/home/ec2-user/.m2/repository/software/amazon/awssdk/cloudsearch/2.17.292/cloudsearch-2.17.292.jar:/home/ec2-user/.m2/repository/software/amazon/awssdk/cloudsearchdomain/2.17.292/cloudsearchdomain-2.17.292.jar:/home/ec2-user/.m2/repository/software/amazon/awssdk/cloudtrail/2.17.292/cloudtrail-2.17.292.jar:/home/ec2-user/.m2/repository/software/amazon/awssdk/cloudwatchevents/2.17.292/cloudwatchevents-2.17.292.jar:/home/ec2-user/.m2/repository/software/amazon/awssdk/cloudwatchlogs/2.17.292/cloudwatchlogs-2.17.292.jar:/home/ec2-user/.m2/repository/software/amazon/awssdk/codebuild/2.17.292/codebuild-2.17.292.jar:/home/ec2-user/.m2/repository/software/amazon/awssdk/codecommit/2.17.292/codecommit-2.17.292.jar:/home/ec2-user/.m2/repository/software/amazon/awssdk/codedeploy/2.17.292/codedeploy-2.17.292.jar:/home/ec2-user/.m2/repository/software/amazon/awssdk/codepipeline/2.17.292/codepipeline-2.17.292.jar:/home/ec2-user/.m2/repository/software/amazon/awssdk/codestar/2.17.292/codestar-2.17.292.jar:/home/ec2-user/.m2/repository/software/amazon/awssdk/cognitoidentity/2.17.292/cognitoidentity-2.17.292.jar:/home/ec2-user/.m2/repository/software/amazon/awssdk/cognitoidentityprovider/2.17.292/cognitoidentityprovider-2.17.292.jar:/home/ec2-user/.m2/repository/software/amazon/awssdk/cognitosync/2.17.292/cognitosync-2.17.292.jar:/home/ec2-user/.m2/repository/software/amazon/awssdk/comprehend/2.17.292/comprehend-2.17.292.jar:/home/ec2-user/.m2/repository/software/amazon/awssdk/comprehendmedical/2.17.292/comprehendmedical-2.17.292.jar:/home/ec2-user/.m2/repository/software/amazon/awssdk/config/2.17.292/config-2.17.292.jar:/home/ec2-user/.m2/repository/software/amazon/awssdk/connect/2.17.292/connect-2.17.292.jar:/home/ec2-user/.m2/repository/software/amazon/awssdk/costandusagereport/2.17.292/costandusagereport-2.17.292.jar:/home/ec2-user/.m2/repository/software/amazon/awssdk/costexplorer/2.17.292/costexplorer-2.17.292.jar:/home/ec2-user/.m2/repository/software/amazon/awssdk/databasemigration/2.17.292/databasemigration-2.17.292.jar:/home/ec2-user/.m2/repository/software/amazon/awssdk/datapipeline/2.17.292/datapipeline-2.17.292.jar:/home/ec2-user/.m2/repository/software/amazon/awssdk/datasync/2.17.292/datasync-2.17.292.jar:/home/ec2-user/.m2/repository/software/amazon/awssdk/dax/2.17.292/dax-2.17.292.jar:/home/ec2-user/.m2/repository/software/amazon/awssdk/devicefarm/2.17.292/devicefarm-2.17.292.jar:/home/ec2-user/.m2/repository/software/amazon/awssdk/directconnect/2.17.292/directconnect-2.17.292.jar:/home/ec2-user/.m2/repository/software/amazon/awssdk/directory/2.17.292/directory-2.17.292.jar:/home/ec2-user/.m2/repository/software/amazon/awssdk/dlm/2.17.292/dlm-2.17.292.jar:/home/ec2-user/.m2/repository/software/amazon/awssdk/docdb/2.17.292/docdb-2.17.292.jar:/home/ec2-user/.m2/repository/software/amazon/awssdk/profiles/2.17.292/profiles-2.17.292.jar:/home/ec2-user/.m2/repository/software/amazon/awssdk/dynamodb/2.17.292/dynamodb-2.17.292.jar:/home/ec2-user/.m2/repository/software/amazon/awssdk/ec2/2.17.292/ec2-2.17.292.jar:/home/ec2-user/.m2/repository/software/amazon/awssdk/ecr/2.17.292/ecr-2.17.292.jar:/home/ec2-user/.m2/repository/software/amazon/awssdk/ecs/2.17.292/ecs-2.17.292.jar:/home/ec2-user/.m2/repository/software/amazon/awssdk/efs/2.17.292/efs-2.17.292.jar:/home/ec2-user/.m2/repository/software/amazon/awssdk/eks/2.17.292/eks-2.17.292.jar:/home/ec2-user/.m2/repository/software/amazon/awssdk/elasticache/2.17.292/elasticache-2.17.292.jar:/home/ec2-user/.m2/repository/software/amazon/awssdk/elasticbeanstalk/2.17.292/elasticbeanstalk-2.17.292.jar:/home/ec2-user/.m2/repository/software/amazon/awssdk/elasticloadbalancing/2.17.292/elasticloadbalancing-2.17.292.jar:/home/ec2-user/.m2/repository/software/amazon/awssdk/elasticloadbalancingv2/2.17.292/elasticloadbalancingv2-2.17.292.jar:/home/ec2-user/.m2/repository/software/amazon/awssdk/elasticsearch/2.17.292/elasticsearch-2.17.292.jar:/home/ec2-user/.m2/repository/software/amazon/awssdk/elastictranscoder/2.17.292/elastictranscoder-2.17.292.jar:/home/ec2-user/.m2/repository/software/amazon/awssdk/emr/2.17.292/emr-2.17.292.jar:/home/ec2-user/.m2/repository/software/amazon/awssdk/firehose/2.17.292/firehose-2.17.292.jar:/home/ec2-user/.m2/repository/software/amazon/awssdk/fms/2.17.292/fms-2.17.292.jar:/home/ec2-user/.m2/repository/software/amazon/awssdk/fsx/2.17.292/fsx-2.17.292.jar:/home/ec2-user/.m2/repository/software/amazon/awssdk/gamelift/2.17.292/gamelift-2.17.292.jar:/home/ec2-user/.m2/repository/software/amazon/awssdk/glacier/2.17.292/glacier-2.17.292.jar:/home/ec2-user/.m2/repository/software/amazon/awssdk/globalaccelerator/2.17.292/globalaccelerator-2.17.292.jar:/home/ec2-user/.m2/repository/software/amazon/awssdk/glue/2.17.292/glue-2.17.292.jar:/home/ec2-user/.m2/repository/software/amazon/awssdk/greengrass/2.17.292/greengrass-2.17.292.jar:/home/ec2-user/.m2/repository/software/amazon/awssdk/guardduty/2.17.292/guardduty-2.17.292.jar:/home/ec2-user/.m2/repository/software/amazon/awssdk/health/2.17.292/health-2.17.292.jar:/home/ec2-user/.m2/repository/software/amazon/awssdk/iam/2.17.292/iam-2.17.292.jar:/home/ec2-user/.m2/repository/software/amazon/awssdk/inspector/2.17.292/inspector-2.17.292.jar:/home/ec2-user/.m2/repository/software/amazon/awssdk/iot/2.17.292/iot-2.17.292.jar:/home/ec2-user/.m2/repository/software/amazon/awssdk/iot1clickdevices/2.17.292/iot1clickdevices-2.17.292.jar:/home/ec2-user/.m2/repository/software/amazon/awssdk/iot1clickprojects/2.17.292/iot1clickprojects-2.17.292.jar:/home/ec2-user/.m2/repository/software/amazon/awssdk/iotanalytics/2.17.292/iotanalytics-2.17.292.jar:/home/ec2-user/.m2/repository/software/amazon/awssdk/iotdataplane/2.17.292/iotdataplane-2.17.292.jar:/home/ec2-user/.m2/repository/software/amazon/awssdk/iotjobsdataplane/2.17.292/iotjobsdataplane-2.17.292.jar:/home/ec2-user/.m2/repository/software/amazon/awssdk/kafka/2.17.292/kafka-2.17.292.jar:/home/ec2-user/.m2/repository/software/amazon/awssdk/kinesis/2.17.292/kinesis-2.17.292.jar:/home/ec2-user/.m2/repository/software/amazon/awssdk/aws-cbor-protocol/2.17.292/aws-cbor-protocol-2.17.292.jar:/home/ec2-user/.m2/repository/software/amazon/awssdk/third-party-jackson-dataformat-cbor/2.17.292/third-party-jackson-dataformat-cbor-2.17.292.jar:/home/ec2-user/.m2/repository/software/amazon/awssdk/kinesisanalytics/2.17.292/kinesisanalytics-2.17.292.jar:/home/ec2-user/.m2/repository/software/amazon/awssdk/kinesisanalyticsv2/2.17.292/kinesisanalyticsv2-2.17.292.jar:/home/ec2-user/.m2/repository/software/amazon/awssdk/kinesisvideo/2.17.292/kinesisvideo-2.17.292.jar:/home/ec2-user/.m2/repository/software/amazon/awssdk/kinesisvideoarchivedmedia/2.17.292/kinesisvideoarchivedmedia-2.17.292.jar:/home/ec2-user/.m2/repository/software/amazon/awssdk/kinesisvideomedia/2.17.292/kinesisvideomedia-2.17.292.jar:/home/ec2-user/.m2/repository/software/amazon/awssdk/kms/2.17.292/kms-2.17.292.jar:/home/ec2-user/.m2/repository/software/amazon/awssdk/lambda/2.17.292/lambda-2.17.292.jar:/home/ec2-user/.m2/repository/software/amazon/awssdk/lexmodelbuilding/2.17.292/lexmodelbuilding-2.17.292.jar:/home/ec2-user/.m2/repository/software/amazon/awssdk/lexruntime/2.17.292/lexruntime-2.17.292.jar:/home/ec2-user/.m2/repository/software/amazon/awssdk/licensemanager/2.17.292/licensemanager-2.17.292.jar:/home/ec2-user/.m2/repository/software/amazon/awssdk/lightsail/2.17.292/lightsail-2.17.292.jar:/home/ec2-user/.m2/repository/software/amazon/awssdk/machinelearning/2.17.292/machinelearning-2.17.292.jar:/home/ec2-user/.m2/repository/software/amazon/awssdk/macie/2.17.292/macie-2.17.292.jar:/home/ec2-user/.m2/repository/software/amazon/awssdk/managedblockchain/2.17.292/managedblockchain-2.17.292.jar:/home/ec2-user/.m2/repository/software/amazon/awssdk/marketplacecommerceanalytics/2.17.292/marketplacecommerceanalytics-2.17.292.jar:/home/ec2-user/.m2/repository/software/amazon/awssdk/marketplaceentitlement/2.17.292/marketplaceentitlement-2.17.292.jar:/home/ec2-user/.m2/repository/software/amazon/awssdk/marketplacemetering/2.17.292/marketplacemetering-2.17.292.jar:/home/ec2-user/.m2/repository/software/amazon/awssdk/mediaconnect/2.17.292/mediaconnect-2.17.292.jar:/home/ec2-user/.m2/repository/software/amazon/awssdk/mediaconvert/2.17.292/mediaconvert-2.17.292.jar:/home/ec2-user/.m2/repository/software/amazon/awssdk/medialive/2.17.292/medialive-2.17.292.jar:/home/ec2-user/.m2/repository/software/amazon/awssdk/mediapackage/2.17.292/mediapackage-2.17.292.jar:/home/ec2-user/.m2/repository/software/amazon/awssdk/mediapackagevod/2.17.292/mediapackagevod-2.17.292.jar:/home/ec2-user/.m2/repository/software/amazon/awssdk/mediastore/2.17.292/mediastore-2.17.292.jar:/home/ec2-user/.m2/repository/software/amazon/awssdk/mediastoredata/2.17.292/mediastoredata-2.17.292.jar:/home/ec2-user/.m2/repository/software/amazon/awssdk/mediatailor/2.17.292/mediatailor-2.17.292.jar:/home/ec2-user/.m2/repository/software/amazon/awssdk/migrationhub/2.17.292/migrationhub-2.17.292.jar:/home/ec2-user/.m2/repository/software/amazon/awssdk/mobile/2.17.292/mobile-2.17.292.jar:/home/ec2-user/.m2/repository/software/amazon/awssdk/mq/2.17.292/mq-2.17.292.jar:/home/ec2-user/.m2/repository/software/amazon/awssdk/mturk/2.17.292/mturk-2.17.292.jar:/home/ec2-user/.m2/repository/software/amazon/awssdk/neptune/2.17.292/neptune-2.17.292.jar:/home/ec2-user/.m2/repository/software/amazon/awssdk/opsworks/2.17.292/opsworks-2.17.292.jar:/home/ec2-user/.m2/repository/software/amazon/awssdk/opsworkscm/2.17.292/opsworkscm-2.17.292.jar:/home/ec2-user/.m2/repository/software/amazon/awssdk/organizations/2.17.292/organizations-2.17.292.jar:/home/ec2-user/.m2/repository/software/amazon/awssdk/pi/2.17.292/pi-2.17.292.jar:/home/ec2-user/.m2/repository/software/amazon/awssdk/pinpoint/2.17.292/pinpoint-2.17.292.jar:/home/ec2-user/.m2/repository/software/amazon/awssdk/pinpointemail/2.17.292/pinpointemail-2.17.292.jar:/home/ec2-user/.m2/repository/software/amazon/awssdk/pinpointsmsvoice/2.17.292/pinpointsmsvoice-2.17.292.jar:/home/ec2-user/.m2/repository/software/amazon/awssdk/polly/2.17.292/polly-2.17.292.jar:/home/ec2-user/.m2/repository/software/amazon/awssdk/pricing/2.17.292/pricing-2.17.292.jar:/home/ec2-user/.m2/repository/software/amazon/awssdk/quicksight/2.17.292/quicksight-2.17.292.jar:/home/ec2-user/.m2/repository/software/amazon/awssdk/ram/2.17.292/ram-2.17.292.jar:/home/ec2-user/.m2/repository/software/amazon/awssdk/rds/2.17.292/rds-2.17.292.jar:/home/ec2-user/.m2/repository/software/amazon/awssdk/rdsdata/2.17.292/rdsdata-2.17.292.jar:/home/ec2-user/.m2/repository/software/amazon/awssdk/redshift/2.17.292/redshift-2.17.292.jar:/home/ec2-user/.m2/repository/software/amazon/awssdk/rekognition/2.17.292/rekognition-2.17.292.jar:/home/ec2-user/.m2/repository/software/amazon/awssdk/resourcegroups/2.17.292/resourcegroups-2.17.292.jar:/home/ec2-user/.m2/repository/software/amazon/awssdk/resourcegroupstaggingapi/2.17.292/resourcegroupstaggingapi-2.17.292.jar:/home/ec2-user/.m2/repository/software/amazon/awssdk/robomaker/2.17.292/robomaker-2.17.292.jar:/home/ec2-user/.m2/repository/software/amazon/awssdk/route53/2.17.292/route53-2.17.292.jar:/home/ec2-user/.m2/repository/software/amazon/awssdk/route53domains/2.17.292/route53domains-2.17.292.jar:/home/ec2-user/.m2/repository/software/amazon/awssdk/route53resolver/2.17.292/route53resolver-2.17.292.jar:/home/ec2-user/.m2/repository/software/amazon/awssdk/s3/2.17.292/s3-2.17.292.jar:/home/ec2-user/.m2/repository/software/amazon/awssdk/arns/2.17.292/arns-2.17.292.jar:/home/ec2-user/.m2/repository/software/amazon/awssdk/s3control/2.17.292/s3control-2.17.292.jar:/home/ec2-user/.m2/repository/software/amazon/awssdk/sagemaker/2.17.292/sagemaker-2.17.292.jar:/home/ec2-user/.m2/repository/software/amazon/awssdk/sagemakerruntime/2.17.292/sagemakerruntime-2.17.292.jar:/home/ec2-user/.m2/repository/software/amazon/awssdk/secretsmanager/2.17.292/secretsmanager-2.17.292.jar:/home/ec2-user/.m2/repository/software/amazon/awssdk/securityhub/2.17.292/securityhub-2.17.292.jar:/home/ec2-user/.m2/repository/software/amazon/awssdk/serverlessapplicationrepository/2.17.292/serverlessapplicationrepository-2.17.292.jar:/home/ec2-user/.m2/repository/software/amazon/awssdk/servicecatalog/2.17.292/servicecatalog-2.17.292.jar:/home/ec2-user/.m2/repository/software/amazon/awssdk/servicediscovery/2.17.292/servicediscovery-2.17.292.jar:/home/ec2-user/.m2/repository/software/amazon/awssdk/ses/2.17.292/ses-2.17.292.jar:/home/ec2-user/.m2/repository/software/amazon/awssdk/sfn/2.17.292/sfn-2.17.292.jar:/home/ec2-user/.m2/repository/software/amazon/awssdk/shield/2.17.292/shield-2.17.292.jar:/home/ec2-user/.m2/repository/software/amazon/awssdk/signer/2.17.292/signer-2.17.292.jar:/home/ec2-user/.m2/repository/software/amazon/awssdk/sms/2.17.292/sms-2.17.292.jar:/home/ec2-user/.m2/repository/software/amazon/awssdk/snowball/2.17.292/snowball-2.17.292.jar:/home/ec2-user/.m2/repository/software/amazon/awssdk/sns/2.17.292/sns-2.17.292.jar:/home/ec2-user/.m2/repository/software/amazon/awssdk/sqs/2.17.292/sqs-2.17.292.jar:/home/ec2-user/.m2/repository/software/amazon/awssdk/ssm/2.17.292/ssm-2.17.292.jar:/home/ec2-user/.m2/repository/software/amazon/awssdk/storagegateway/2.17.292/storagegateway-2.17.292.jar:/home/ec2-user/.m2/repository/software/amazon/awssdk/sts/2.17.292/sts-2.17.292.jar:/home/ec2-user/.m2/repository/software/amazon/awssdk/support/2.17.292/support-2.17.292.jar:/home/ec2-user/.m2/repository/software/amazon/awssdk/swf/2.17.292/swf-2.17.292.jar:/home/ec2-user/.m2/repository/software/amazon/awssdk/textract/2.17.292/textract-2.17.292.jar:/home/ec2-user/.m2/repository/software/amazon/awssdk/transcribe/2.17.292/transcribe-2.17.292.jar:/home/ec2-user/.m2/repository/software/amazon/awssdk/transcribestreaming/2.17.292/transcribestreaming-2.17.292.jar:/home/ec2-user/.m2/repository/software/amazon/awssdk/transfer/2.17.292/transfer-2.17.292.jar:/home/ec2-user/.m2/repository/software/amazon/awssdk/translate/2.17.292/translate-2.17.292.jar:/home/ec2-user/.m2/repository/software/amazon/awssdk/waf/2.17.292/waf-2.17.292.jar:/home/ec2-user/.m2/repository/software/amazon/awssdk/workdocs/2.17.292/workdocs-2.17.292.jar:/home/ec2-user/.m2/repository/software/amazon/awssdk/worklink/2.17.292/worklink-2.17.292.jar:/home/ec2-user/.m2/repository/software/amazon/awssdk/workmail/2.17.292/workmail-2.17.292.jar:/home/ec2-user/.m2/repository/software/amazon/awssdk/workspaces/2.17.292/workspaces-2.17.292.jar:/home/ec2-user/.m2/repository/software/amazon/awssdk/xray/2.17.292/xray-2.17.292.jar:/home/ec2-user/.m2/repository/software/amazon/awssdk/groundstation/2.17.292/groundstation-2.17.292.jar:/home/ec2-user/.m2/repository/software/amazon/awssdk/iotthingsgraph/2.17.292/iotthingsgraph-2.17.292.jar:/home/ec2-user/.m2/repository/software/amazon/awssdk/iotevents/2.17.292/iotevents-2.17.292.jar:/home/ec2-user/.m2/repository/software/amazon/awssdk/ioteventsdata/2.17.292/ioteventsdata-2.17.292.jar:/home/ec2-user/.m2/repository/software/amazon/awssdk/personalizeruntime/2.17.292/personalizeruntime-2.17.292.jar:/home/ec2-user/.m2/repository/software/amazon/awssdk/personalize/2.17.292/personalize-2.17.292.jar:/home/ec2-user/.m2/repository/software/amazon/awssdk/personalizeevents/2.17.292/personalizeevents-2.17.292.jar:/home/ec2-user/.m2/repository/software/amazon/awssdk/servicequotas/2.17.292/servicequotas-2.17.292.jar:/home/ec2-user/.m2/repository/software/amazon/awssdk/applicationinsights/2.17.292/applicationinsights-2.17.292.jar:/home/ec2-user/.m2/repository/software/amazon/awssdk/ec2instanceconnect/2.17.292/ec2instanceconnect-2.17.292.jar:/home/ec2-user/.m2/repository/software/amazon/awssdk/eventbridge/2.17.292/eventbridge-2.17.292.jar:/home/ec2-user/.m2/repository/software/amazon/awssdk/lakeformation/2.17.292/lakeformation-2.17.292.jar:/home/ec2-user/.m2/repository/software/amazon/awssdk/forecast/2.17.292/forecast-2.17.292.jar:/home/ec2-user/.m2/repository/software/amazon/awssdk/forecastquery/2.17.292/forecastquery-2.17.292.jar:/home/ec2-user/.m2/repository/software/amazon/awssdk/qldb/2.17.292/qldb-2.17.292.jar:/home/ec2-user/.m2/repository/software/amazon/awssdk/qldbsession/2.17.292/qldbsession-2.17.292.jar:/home/ec2-user/.m2/repository/software/amazon/awssdk/workmailmessageflow/2.17.292/workmailmessageflow-2.17.292.jar:/home/ec2-user/.m2/repository/software/amazon/awssdk/codestarnotifications/2.17.292/codestarnotifications-2.17.292.jar:/home/ec2-user/.m2/repository/software/amazon/awssdk/savingsplans/2.17.292/savingsplans-2.17.292.jar:/home/ec2-user/.m2/repository/software/amazon/awssdk/sso/2.17.292/sso-2.17.292.jar:/home/ec2-user/.m2/repository/software/amazon/awssdk/json-utils/2.17.292/json-utils-2.17.292.jar:/home/ec2-user/.m2/repository/software/amazon/awssdk/ssooidc/2.17.292/ssooidc-2.17.292.jar:/home/ec2-user/.m2/repository/software/amazon/awssdk/third-party-jackson-core/2.17.292/third-party-jackson-core-2.17.292.jar:/home/ec2-user/.m2/repository/software/amazon/awssdk/marketplacecatalog/2.17.292/marketplacecatalog-2.17.292.jar:/home/ec2-user/.m2/repository/software/amazon/awssdk/sesv2/2.17.292/sesv2-2.17.292.jar:/home/ec2-user/.m2/repository/software/amazon/awssdk/dataexchange/2.17.292/dataexchange-2.17.292.jar:/home/ec2-user/.m2/repository/software/amazon/awssdk/migrationhubconfig/2.17.292/migrationhubconfig-2.17.292.jar:/home/ec2-user/.m2/repository/software/amazon/awssdk/connectparticipant/2.17.292/connectparticipant-2.17.292.jar:/home/ec2-user/.m2/repository/software/amazon/awssdk/wafv2/2.17.292/wafv2-2.17.292.jar:/home/ec2-user/.m2/repository/software/amazon/awssdk/appconfig/2.17.292/appconfig-2.17.292.jar:/home/ec2-user/.m2/repository/software/amazon/awssdk/iotsecuretunneling/2.17.292/iotsecuretunneling-2.17.292.jar:/home/ec2-user/.m2/repository/software/amazon/awssdk/elasticinference/2.17.292/elasticinference-2.17.292.jar:/home/ec2-user/.m2/repository/software/amazon/awssdk/imagebuilder/2.17.292/imagebuilder-2.17.292.jar:/home/ec2-user/.m2/repository/software/amazon/awssdk/schemas/2.17.292/schemas-2.17.292.jar:/home/ec2-user/.m2/repository/software/amazon/awssdk/accessanalyzer/2.17.292/accessanalyzer-2.17.292.jar:/home/ec2-user/.m2/repository/software/amazon/awssdk/computeoptimizer/2.17.292/computeoptimizer-2.17.292.jar:/home/ec2-user/.m2/repository/software/amazon/awssdk/networkmanager/2.17.292/networkmanager-2.17.292.jar:/home/ec2-user/.m2/repository/software/amazon/awssdk/kendra/2.17.292/kendra-2.17.292.jar:/home/ec2-user/.m2/repository/software/amazon/awssdk/frauddetector/2.17.292/frauddetector-2.17.292.jar:/home/ec2-user/.m2/repository/software/amazon/awssdk/codegurureviewer/2.17.292/codegurureviewer-2.17.292.jar:/home/ec2-user/.m2/repository/software/amazon/awssdk/codeguruprofiler/2.17.292/codeguruprofiler-2.17.292.jar:/home/ec2-user/.m2/repository/software/amazon/awssdk/outposts/2.17.292/outposts-2.17.292.jar:/home/ec2-user/.m2/repository/software/amazon/awssdk/sagemakera2iruntime/2.17.292/sagemakera2iruntime-2.17.292.jar:/home/ec2-user/.m2/repository/software/amazon/awssdk/ebs/2.17.292/ebs-2.17.292.jar:/home/ec2-user/.m2/repository/software/amazon/awssdk/kinesisvideosignaling/2.17.292/kinesisvideosignaling-2.17.292.jar:/home/ec2-user/.m2/repository/software/amazon/awssdk/detective/2.17.292/detective-2.17.292.jar:/home/ec2-user/.m2/repository/software/amazon/awssdk/codestarconnections/2.17.292/codestarconnections-2.17.292.jar:/home/ec2-user/.m2/repository/software/amazon/awssdk/synthetics/2.17.292/synthetics-2.17.292.jar:/home/ec2-user/.m2/repository/software/amazon/awssdk/iotsitewise/2.17.292/iotsitewise-2.17.292.jar:/home/ec2-user/.m2/repository/software/amazon/awssdk/macie2/2.17.292/macie2-2.17.292.jar:/home/ec2-user/.m2/repository/software/amazon/awssdk/codeartifact/2.17.292/codeartifact-2.17.292.jar:/home/ec2-user/.m2/repository/software/amazon/awssdk/honeycode/2.17.292/honeycode-2.17.292.jar:/home/ec2-user/.m2/repository/software/amazon/awssdk/ivs/2.17.292/ivs-2.17.292.jar:/home/ec2-user/.m2/repository/software/amazon/awssdk/braket/2.17.292/braket-2.17.292.jar:/home/ec2-user/.m2/repository/software/amazon/awssdk/identitystore/2.17.292/identitystore-2.17.292.jar:/home/ec2-user/.m2/repository/software/amazon/awssdk/appflow/2.17.292/appflow-2.17.292.jar:/home/ec2-user/.m2/repository/software/amazon/awssdk/redshiftdata/2.17.292/redshiftdata-2.17.292.jar:/home/ec2-user/.m2/repository/software/amazon/awssdk/ssoadmin/2.17.292/ssoadmin-2.17.292.jar:/home/ec2-user/.m2/repository/software/amazon/awssdk/timestreamwrite/2.17.292/timestreamwrite-2.17.292.jar:/home/ec2-user/.m2/repository/software/amazon/awssdk/timestreamquery/2.17.292/timestreamquery-2.17.292.jar:/home/ec2-user/.m2/repository/software/amazon/awssdk/s3outposts/2.17.292/s3outposts-2.17.292.jar:/home/ec2-user/.m2/repository/software/amazon/awssdk/databrew/2.17.292/databrew-2.17.292.jar:/home/ec2-user/.m2/repository/software/amazon/awssdk/servicecatalogappregistry/2.17.292/servicecatalogappregistry-2.17.292.jar:/home/ec2-user/.m2/repository/software/amazon/awssdk/networkfirewall/2.17.292/networkfirewall-2.17.292.jar:/home/ec2-user/.m2/repository/software/amazon/awssdk/mwaa/2.17.292/mwaa-2.17.292.jar:/home/ec2-user/.m2/repository/software/amazon/awssdk/devopsguru/2.17.292/devopsguru-2.17.292.jar:/home/ec2-user/.m2/repository/software/amazon/awssdk/sagemakerfeaturestoreruntime/2.17.292/sagemakerfeaturestoreruntime-2.17.292.jar:/home/ec2-user/.m2/repository/software/amazon/awssdk/appintegrations/2.17.292/appintegrations-2.17.292.jar:/home/ec2-user/.m2/repository/software/amazon/awssdk/ecrpublic/2.17.292/ecrpublic-2.17.292.jar:/home/ec2-user/.m2/repository/software/amazon/awssdk/amplifybackend/2.17.292/amplifybackend-2.17.292.jar:/home/ec2-user/.m2/repository/software/amazon/awssdk/connectcontactlens/2.17.292/connectcontactlens-2.17.292.jar:/home/ec2-user/.m2/repository/software/amazon/awssdk/lookoutvision/2.17.292/lookoutvision-2.17.292.jar:/home/ec2-user/.m2/repository/software/amazon/awssdk/customerprofiles/2.17.292/customerprofiles-2.17.292.jar:/home/ec2-user/.m2/repository/software/amazon/awssdk/emrcontainers/2.17.292/emrcontainers-2.17.292.jar:/home/ec2-user/.m2/repository/software/amazon/awssdk/sagemakeredge/2.17.292/sagemakeredge-2.17.292.jar:/home/ec2-user/.m2/repository/software/amazon/awssdk/healthlake/2.17.292/healthlake-2.17.292.jar:/home/ec2-user/.m2/repository/software/amazon/awssdk/auditmanager/2.17.292/auditmanager-2.17.292.jar:/home/ec2-user/.m2/repository/software/amazon/awssdk/amp/2.17.292/amp-2.17.292.jar:/home/ec2-user/.m2/repository/software/amazon/awssdk/greengrassv2/2.17.292/greengrassv2-2.17.292.jar:/home/ec2-user/.m2/repository/software/amazon/awssdk/iotwireless/2.17.292/iotwireless-2.17.292.jar:/home/ec2-user/.m2/repository/software/amazon/awssdk/iotfleethub/2.17.292/iotfleethub-2.17.292.jar:/home/ec2-user/.m2/repository/software/amazon/awssdk/iotdeviceadvisor/2.17.292/iotdeviceadvisor-2.17.292.jar:/home/ec2-user/.m2/repository/software/amazon/awssdk/location/2.17.292/location-2.17.292.jar:/home/ec2-user/.m2/repository/software/amazon/awssdk/wellarchitected/2.17.292/wellarchitected-2.17.292.jar:/home/ec2-user/.m2/repository/software/amazon/awssdk/lexruntimev2/2.17.292/lexruntimev2-2.17.292.jar:/home/ec2-user/.m2/repository/software/amazon/awssdk/lexmodelsv2/2.17.292/lexmodelsv2-2.17.292.jar:/home/ec2-user/.m2/repository/software/amazon/awssdk/fis/2.17.292/fis-2.17.292.jar:/home/ec2-user/.m2/repository/software/amazon/awssdk/lookoutmetrics/2.17.292/lookoutmetrics-2.17.292.jar:/home/ec2-user/.m2/repository/software/amazon/awssdk/mgn/2.17.292/mgn-2.17.292.jar:/home/ec2-user/.m2/repository/software/amazon/awssdk/lookoutequipment/2.17.292/lookoutequipment-2.17.292.jar:/home/ec2-user/.m2/repository/software/amazon/awssdk/nimble/2.17.292/nimble-2.17.292.jar:/home/ec2-user/.m2/repository/software/amazon/awssdk/finspacedata/2.17.292/finspacedata-2.17.292.jar:/home/ec2-user/.m2/repository/software/amazon/awssdk/finspace/2.17.292/finspace-2.17.292.jar:/home/ec2-user/.m2/repository/software/amazon/awssdk/ssmincidents/2.17.292/ssmincidents-2.17.292.jar:/home/ec2-user/.m2/repository/software/amazon/awssdk/ssmcontacts/2.17.292/ssmcontacts-2.17.292.jar:/home/ec2-user/.m2/repository/software/amazon/awssdk/applicationcostprofiler/2.17.292/applicationcostprofiler-2.17.292.jar:/home/ec2-user/.m2/repository/software/amazon/awssdk/apprunner/2.17.292/apprunner-2.17.292.jar:/home/ec2-user/.m2/repository/software/amazon/awssdk/proton/2.17.292/proton-2.17.292.jar:/home/ec2-user/.m2/repository/software/amazon/awssdk/route53recoveryreadiness/2.17.292/route53recoveryreadiness-2.17.292.jar:/home/ec2-user/.m2/repository/software/amazon/awssdk/route53recoverycontrolconfig/2.17.292/route53recoverycontrolconfig-2.17.292.jar:/home/ec2-user/.m2/repository/software/amazon/awssdk/route53recoverycluster/2.17.292/route53recoverycluster-2.17.292.jar:/home/ec2-user/.m2/repository/software/amazon/awssdk/chimesdkmessaging/2.17.292/chimesdkmessaging-2.17.292.jar:/home/ec2-user/.m2/repository/software/amazon/awssdk/chimesdkidentity/2.17.292/chimesdkidentity-2.17.292.jar:/home/ec2-user/.m2/repository/software/amazon/awssdk/snowdevicemanagement/2.17.292/snowdevicemanagement-2.17.292.jar:/home/ec2-user/.m2/repository/software/amazon/awssdk/memorydb/2.17.292/memorydb-2.17.292.jar:/home/ec2-user/.m2/repository/software/amazon/awssdk/opensearch/2.17.292/opensearch-2.17.292.jar:/home/ec2-user/.m2/repository/software/amazon/awssdk/kafkaconnect/2.17.292/kafkaconnect-2.17.292.jar:/home/ec2-user/.m2/repository/software/amazon/awssdk/wisdom/2.17.292/wisdom-2.17.292.jar:/home/ec2-user/.m2/repository/software/amazon/awssdk/voiceid/2.17.292/voiceid-2.17.292.jar:/home/ec2-user/.m2/repository/software/amazon/awssdk/account/2.17.292/account-2.17.292.jar:/home/ec2-user/.m2/repository/software/amazon/awssdk/cloudcontrol/2.17.292/cloudcontrol-2.17.292.jar:/home/ec2-user/.m2/repository/software/amazon/awssdk/grafana/2.17.292/grafana-2.17.292.jar:/home/ec2-user/.m2/repository/software/amazon/awssdk/panorama/2.17.292/panorama-2.17.292.jar:/home/ec2-user/.m2/repository/software/amazon/awssdk/chimesdkmeetings/2.17.292/chimesdkmeetings-2.17.292.jar:/home/ec2-user/.m2/repository/software/amazon/awssdk/resiliencehub/2.17.292/resiliencehub-2.17.292.jar:/home/ec2-user/.m2/repository/software/amazon/awssdk/migrationhubstrategy/2.17.292/migrationhubstrategy-2.17.292.jar:/home/ec2-user/.m2/repository/software/amazon/awssdk/drs/2.17.292/drs-2.17.292.jar:/home/ec2-user/.m2/repository/software/amazon/awssdk/appconfigdata/2.17.292/appconfigdata-2.17.292.jar:/home/ec2-user/.m2/repository/software/amazon/awssdk/migrationhubrefactorspaces/2.17.292/migrationhubrefactorspaces-2.17.292.jar:/home/ec2-user/.m2/repository/software/amazon/awssdk/inspector2/2.17.292/inspector2-2.17.292.jar:/home/ec2-user/.m2/repository/software/amazon/awssdk/evidently/2.17.292/evidently-2.17.292.jar:/home/ec2-user/.m2/repository/software/amazon/awssdk/rum/2.17.292/rum-2.17.292.jar:/home/ec2-user/.m2/repository/software/amazon/awssdk/rbin/2.17.292/rbin-2.17.292.jar:/home/ec2-user/.m2/repository/software/amazon/awssdk/iottwinmaker/2.17.292/iottwinmaker-2.17.292.jar:/home/ec2-user/.m2/repository/software/amazon/awssdk/workspacesweb/2.17.292/workspacesweb-2.17.292.jar:/home/ec2-user/.m2/repository/software/amazon/awssdk/backupgateway/2.17.292/backupgateway-2.17.292.jar:/home/ec2-user/.m2/repository/software/amazon/awssdk/amplifyuibuilder/2.17.292/amplifyuibuilder-2.17.292.jar:/home/ec2-user/.m2/repository/software/amazon/awssdk/keyspaces/2.17.292/keyspaces-2.17.292.jar:/home/ec2-user/.m2/repository/software/amazon/awssdk/billingconductor/2.17.292/billingconductor-2.17.292.jar:/home/ec2-user/.m2/repository/software/amazon/awssdk/gamesparks/2.17.292/gamesparks-2.17.292.jar:/home/ec2-user/.m2/repository/software/amazon/awssdk/pinpointsmsvoicev2/2.17.292/pinpointsmsvoicev2-2.17.292.jar:/home/ec2-user/.m2/repository/software/amazon/awssdk/ivschat/2.17.292/ivschat-2.17.292.jar:/home/ec2-user/.m2/repository/software/amazon/awssdk/chimesdkmediapipelines/2.17.292/chimesdkmediapipelines-2.17.292.jar:/home/ec2-user/.m2/repository/software/amazon/awssdk/emrserverless/2.17.292/emrserverless-2.17.292.jar:/home/ec2-user/.m2/repository/software/amazon/awssdk/m2/2.17.292/m2-2.17.292.jar:/home/ec2-user/.m2/repository/software/amazon/awssdk/connectcampaigns/2.17.292/connectcampaigns-2.17.292.jar:/home/ec2-user/.m2/repository/software/amazon/awssdk/redshiftserverless/2.17.292/redshiftserverless-2.17.292.jar:/home/ec2-user/.m2/repository/software/amazon/awssdk/rolesanywhere/2.17.292/rolesanywhere-2.17.292.jar:/home/ec2-user/.m2/repository/software/amazon/awssdk/licensemanagerusersubscriptions/2.17.292/licensemanagerusersubscriptions-2.17.292.jar:/home/ec2-user/.m2/repository/software/amazon/awssdk/backupstorage/2.17.292/backupstorage-2.17.292.jar:/home/ec2-user/.m2/repository/software/amazon/awssdk/privatenetworks/2.17.292/privatenetworks-2.17.292.jar:/home/ec2-user/.m2/repository/software/amazon/awssdk/supportapp/2.17.292/supportapp-2.17.292.jar:/home/ec2-user/.m2/repository/software/amazon/awssdk/controltower/2.17.292/controltower-2.17.292.jar:/home/ec2-user/.m2/repository/software/amazon/awssdk/iotfleetwise/2.17.292/iotfleetwise-2.17.292.jar:/home/ec2-user/.m2/repository/software/amazon/awssdk/migrationhuborchestrator/2.17.292/migrationhuborchestrator-2.17.292.jar:/home/ec2-user/.m2/repository/software/amazon/awssdk/connectcases/2.17.292/connectcases-2.17.292.jar:"/>
    <property name="java.vm.vendor" value="Amazon.com Inc."/>
    <property name="sun.arch.data.model" value="64"/>
    <property name="java.vendor.url" value="https://aws.amazon.com/corretto/"/>
    <property name="user.timezone" value=""/>
    <property name="java.vm.specification.version" value="11"/>
    <property name="os.name" value="Linux"/>
    <property name="sun.java.launcher" value="SUN_STANDARD"/>
    <property name="user.country" value="US"/>
    <property name="sun.boot.library.path" value="/usr/lib/jvm/java-11-amazon-corretto/lib"/>
    <property name="sun.java.command" value="/home/ec2-user/environment/Eksamen-DevOps/target/surefire/surefirebooter522569074367091862.jar /home/ec2-user/environment/Eksamen-DevOps/target/surefire 2022-12-04T14-25-39_051-jvmRun1 surefire1405587689172051534tmp surefire_07880453060277477563tmp"/>
    <property name="jdk.debug" value="release"/>
    <property name="surefire.test.class.path" value="/home/ec2-user/environment/Eksamen-DevOps/target/test-classes:/home/ec2-user/environment/Eksamen-DevOps/target/classes:/home/ec2-user/.m2/repository/org/springframework/boot/spring-boot-starter-data-jpa/2.5.4/spring-boot-starter-data-jpa-2.5.4.jar:/home/ec2-user/.m2/repository/org/springframework/boot/spring-boot-starter-aop/2.5.4/spring-boot-starter-aop-2.5.4.jar:/home/ec2-user/.m2/repository/org/springframework/spring-aop/5.3.9/spring-aop-5.3.9.jar:/home/ec2-user/.m2/repository/org/aspectj/aspectjweaver/1.9.7/aspectjweaver-1.9.7.jar:/home/ec2-user/.m2/repository/org/springframework/boot/spring-boot-starter-jdbc/2.5.4/spring-boot-starter-jdbc-2.5.4.jar:/home/ec2-user/.m2/repository/com/zaxxer/HikariCP/4.0.3/HikariCP-4.0.3.jar:/home/ec2-user/.m2/repository/org/springframework/spring-jdbc/5.3.9/spring-jdbc-5.3.9.jar:/home/ec2-user/.m2/repository/jakarta/transaction/jakarta.transaction-api/1.3.3/jakarta.transaction-api-1.3.3.jar:/home/ec2-user/.m2/repository/jakarta/persistence/jakarta.persistence-api/2.2.3/jakarta.persistence-api-2.2.3.jar:/home/ec2-user/.m2/repository/org/hibernate/hibernate-core/5.4.32.Final/hibernate-core-5.4.32.Final.jar:/home/ec2-user/.m2/repository/org/jboss/logging/jboss-logging/3.4.2.Final/jboss-logging-3.4.2.Final.jar:/home/ec2-user/.m2/repository/org/javassist/javassist/3.27.0-GA/javassist-3.27.0-GA.jar:/home/ec2-user/.m2/repository/net/bytebuddy/byte-buddy/1.10.22/byte-buddy-1.10.22.jar:/home/ec2-user/.m2/repository/antlr/antlr/2.7.7/antlr-2.7.7.jar:/home/ec2-user/.m2/repository/org/jboss/jandex/2.2.3.Final/jandex-2.2.3.Final.jar:/home/ec2-user/.m2/repository/com/fasterxml/classmate/1.5.1/classmate-1.5.1.jar:/home/ec2-user/.m2/repository/org/dom4j/dom4j/2.1.3/dom4j-2.1.3.jar:/home/ec2-user/.m2/repository/org/hibernate/common/hibernate-commons-annotations/5.1.2.Final/hibernate-commons-annotations-5.1.2.Final.jar:/home/ec2-user/.m2/repository/org/glassfish/jaxb/jaxb-runtime/2.3.5/jaxb-runtime-2.3.5.jar:/home/ec2-user/.m2/repository/org/glassfish/jaxb/txw2/2.3.5/txw2-2.3.5.jar:/home/ec2-user/.m2/repository/com/sun/istack/istack-commons-runtime/3.0.12/istack-commons-runtime-3.0.12.jar:/home/ec2-user/.m2/repository/com/sun/activation/jakarta.activation/1.2.2/jakarta.activation-1.2.2.jar:/home/ec2-user/.m2/repository/org/springframework/data/spring-data-jpa/2.5.4/spring-data-jpa-2.5.4.jar:/home/ec2-user/.m2/repository/org/springframework/data/spring-data-commons/2.5.4/spring-data-commons-2.5.4.jar:/home/ec2-user/.m2/repository/org/springframework/spring-orm/5.3.9/spring-orm-5.3.9.jar:/home/ec2-user/.m2/repository/org/springframework/spring-context/5.3.9/spring-context-5.3.9.jar:/home/ec2-user/.m2/repository/org/springframework/spring-tx/5.3.9/spring-tx-5.3.9.jar:/home/ec2-user/.m2/repository/org/springframework/spring-beans/5.3.9/spring-beans-5.3.9.jar:/home/ec2-user/.m2/repository/org/springframework/spring-aspects/5.3.9/spring-aspects-5.3.9.jar:/home/ec2-user/.m2/repository/com/h2database/h2/1.4.200/h2-1.4.200.jar:/home/ec2-user/.m2/repository/org/springframework/boot/spring-boot-starter-web/2.5.4/spring-boot-starter-web-2.5.4.jar:/home/ec2-user/.m2/repository/org/springframework/boot/spring-boot-starter/2.5.4/spring-boot-starter-2.5.4.jar:/home/ec2-user/.m2/repository/org/springframework/boot/spring-boot/2.5.4/spring-boot-2.5.4.jar:/home/ec2-user/.m2/repository/org/springframework/boot/spring-boot-autoconfigure/2.5.4/spring-boot-autoconfigure-2.5.4.jar:/home/ec2-user/.m2/repository/org/springframework/boot/spring-boot-starter-logging/2.5.4/spring-boot-starter-logging-2.5.4.jar:/home/ec2-user/.m2/repository/ch/qos/logback/logback-classic/1.2.5/logback-classic-1.2.5.jar:/home/ec2-user/.m2/repository/ch/qos/logback/logback-core/1.2.5/logback-core-1.2.5.jar:/home/ec2-user/.m2/repository/org/apache/logging/log4j/log4j-to-slf4j/2.14.1/log4j-to-slf4j-2.14.1.jar:/home/ec2-user/.m2/repository/org/apache/logging/log4j/log4j-api/2.14.1/log4j-api-2.14.1.jar:/home/ec2-user/.m2/repository/org/slf4j/jul-to-slf4j/1.7.32/jul-to-slf4j-1.7.32.jar:/home/ec2-user/.m2/repository/jakarta/annotation/jakarta.annotation-api/1.3.5/jakarta.annotation-api-1.3.5.jar:/home/ec2-user/.m2/repository/org/yaml/snakeyaml/1.28/snakeyaml-1.28.jar:/home/ec2-user/.m2/repository/org/springframework/boot/spring-boot-starter-json/2.5.4/spring-boot-starter-json-2.5.4.jar:/home/ec2-user/.m2/repository/com/fasterxml/jackson/core/jackson-databind/2.12.4/jackson-databind-2.12.4.jar:/home/ec2-user/.m2/repository/com/fasterxml/jackson/core/jackson-annotations/2.12.4/jackson-annotations-2.12.4.jar:/home/ec2-user/.m2/repository/com/fasterxml/jackson/core/jackson-core/2.12.4/jackson-core-2.12.4.jar:/home/ec2-user/.m2/repository/com/fasterxml/jackson/datatype/jackson-datatype-jdk8/2.12.4/jackson-datatype-jdk8-2.12.4.jar:/home/ec2-user/.m2/repository/com/fasterxml/jackson/datatype/jackson-datatype-jsr310/2.12.4/jackson-datatype-jsr310-2.12.4.jar:/home/ec2-user/.m2/repository/com/fasterxml/jackson/module/jackson-module-parameter-names/2.12.4/jackson-module-parameter-names-2.12.4.jar:/home/ec2-user/.m2/repository/org/springframework/boot/spring-boot-starter-tomcat/2.5.4/spring-boot-starter-tomcat-2.5.4.jar:/home/ec2-user/.m2/repository/org/apache/tomcat/embed/tomcat-embed-core/9.0.52/tomcat-embed-core-9.0.52.jar:/home/ec2-user/.m2/repository/org/apache/tomcat/embed/tomcat-embed-el/9.0.52/tomcat-embed-el-9.0.52.jar:/home/ec2-user/.m2/repository/org/apache/tomcat/embed/tomcat-embed-websocket/9.0.52/tomcat-embed-websocket-9.0.52.jar:/home/ec2-user/.m2/repository/org/springframework/spring-web/5.3.9/spring-web-5.3.9.jar:/home/ec2-user/.m2/repository/org/springframework/spring-webmvc/5.3.9/spring-webmvc-5.3.9.jar:/home/ec2-user/.m2/repository/org/springframework/spring-expression/5.3.9/spring-expression-5.3.9.jar:/home/ec2-user/.m2/repository/org/springframework/boot/spring-boot-starter-test/2.5.4/spring-boot-starter-test-2.5.4.jar:/home/ec2-user/.m2/repository/org/springframework/boot/spring-boot-test/2.5.4/spring-boot-test-2.5.4.jar:/home/ec2-user/.m2/repository/org/springframework/boot/spring-boot-test-autoconfigure/2.5.4/spring-boot-test-autoconfigure-2.5.4.jar:/home/ec2-user/.m2/repository/com/jayway/jsonpath/json-path/2.5.0/json-path-2.5.0.jar:/home/ec2-user/.m2/repository/net/minidev/json-smart/2.4.7/json-smart-2.4.7.jar:/home/ec2-user/.m2/repository/net/minidev/accessors-smart/2.4.7/accessors-smart-2.4.7.jar:/home/ec2-user/.m2/repository/org/ow2/asm/asm/9.1/asm-9.1.jar:/home/ec2-user/.m2/repository/jakarta/xml/bind/jakarta.xml.bind-api/2.3.3/jakarta.xml.bind-api-2.3.3.jar:/home/ec2-user/.m2/repository/jakarta/activation/jakarta.activation-api/1.2.2/jakarta.activation-api-1.2.2.jar:/home/ec2-user/.m2/repository/org/assertj/assertj-core/3.19.0/assertj-core-3.19.0.jar:/home/ec2-user/.m2/repository/org/hamcrest/hamcrest/2.2/hamcrest-2.2.jar:/home/ec2-user/.m2/repository/org/junit/jupiter/junit-jupiter/5.7.2/junit-jupiter-5.7.2.jar:/home/ec2-user/.m2/repository/org/junit/jupiter/junit-jupiter-api/5.7.2/junit-jupiter-api-5.7.2.jar:/home/ec2-user/.m2/repository/org/apiguardian/apiguardian-api/1.1.0/apiguardian-api-1.1.0.jar:/home/ec2-user/.m2/repository/org/opentest4j/opentest4j/1.2.0/opentest4j-1.2.0.jar:/home/ec2-user/.m2/repository/org/junit/platform/junit-platform-commons/1.7.2/junit-platform-commons-1.7.2.jar:/home/ec2-user/.m2/repository/org/junit/jupiter/junit-jupiter-params/5.7.2/junit-jupiter-params-5.7.2.jar:/home/ec2-user/.m2/repository/org/junit/jupiter/junit-jupiter-engine/5.7.2/junit-jupiter-engine-5.7.2.jar:/home/ec2-user/.m2/repository/org/junit/platform/junit-platform-engine/1.7.2/junit-platform-engine-1.7.2.jar:/home/ec2-user/.m2/repository/org/mockito/mockito-core/3.9.0/mockito-core-3.9.0.jar:/home/ec2-user/.m2/repository/net/bytebuddy/byte-buddy-agent/1.10.22/byte-buddy-agent-1.10.22.jar:/home/ec2-user/.m2/repository/org/objenesis/objenesis/3.2/objenesis-3.2.jar:/home/ec2-user/.m2/repository/org/mockito/mockito-junit-jupiter/3.9.0/mockito-junit-jupiter-3.9.0.jar:/home/ec2-user/.m2/repository/org/skyscreamer/jsonassert/1.5.0/jsonassert-1.5.0.jar:/home/ec2-user/.m2/repository/com/vaadin/external/google/android-json/0.0.20131108.vaadin1/android-json-0.0.20131108.vaadin1.jar:/home/ec2-user/.m2/repository/org/springframework/spring-core/5.3.9/spring-core-5.3.9.jar:/home/ec2-user/.m2/repository/org/springframework/spring-jcl/5.3.9/spring-jcl-5.3.9.jar:/home/ec2-user/.m2/repository/org/springframework/spring-test/5.3.9/spring-test-5.3.9.jar:/home/ec2-user/.m2/repository/org/xmlunit/xmlunit-core/2.8.2/xmlunit-core-2.8.2.jar:/home/ec2-user/.m2/repository/junit/junit/4.13.2/junit-4.13.2.jar:/home/ec2-user/.m2/repository/org/hamcrest/hamcrest-core/2.2/hamcrest-core-2.2.jar:/home/ec2-user/.m2/repository/org/projectlombok/lombok/1.18.20/lombok-1.18.20.jar:/home/ec2-user/.m2/repository/io/micrometer/micrometer-registry-cloudwatch2/1.7.3/micrometer-registry-cloudwatch2-1.7.3.jar:/home/ec2-user/.m2/repository/io/micrometer/micrometer-core/1.7.3/micrometer-core-1.7.3.jar:/home/ec2-user/.m2/repository/org/hdrhistogram/HdrHistogram/2.1.12/HdrHistogram-2.1.12.jar:/home/ec2-user/.m2/repository/org/latencyutils/LatencyUtils/2.0.3/LatencyUtils-2.0.3.jar:/home/ec2-user/.m2/repository/software/amazon/awssdk/cloudwatch/2.16.104/cloudwatch-2.16.104.jar:/home/ec2-user/.m2/repository/software/amazon/awssdk/aws-query-protocol/2.16.104/aws-query-protocol-2.16.104.jar:/home/ec2-user/.m2/repository/software/amazon/awssdk/protocol-core/2.16.104/protocol-core-2.16.104.jar:/home/ec2-user/.m2/repository/software/amazon/awssdk/sdk-core/2.16.104/sdk-core-2.16.104.jar:/home/ec2-user/.m2/repository/software/amazon/awssdk/auth/2.16.104/auth-2.16.104.jar:/home/ec2-user/.m2/repository/software/amazon/eventstream/eventstream/1.0.1/eventstream-1.0.1.jar:/home/ec2-user/.m2/repository/software/amazon/awssdk/http-client-spi/2.16.104/http-client-spi-2.16.104.jar:/home/ec2-user/.m2/repository/software/amazon/awssdk/regions/2.16.104/regions-2.16.104.jar:/home/ec2-user/.m2/repository/software/amazon/awssdk/aws-core/2.16.104/aws-core-2.16.104.jar:/home/ec2-user/.m2/repository/software/amazon/awssdk/metrics-spi/2.16.104/metrics-spi-2.16.104.jar:/home/ec2-user/.m2/repository/software/amazon/awssdk/apache-client/2.16.104/apache-client-2.16.104.jar:/home/ec2-user/.m2/repository/org/apache/httpcomponents/httpclient/4.5.13/httpclient-4.5.13.jar:/home/ec2-user/.m2/repository/commons-codec/commons-codec/1.15/commons-codec-1.15.jar:/home/ec2-user/.m2/repository/org/apache/httpcomponents/httpcore/4.4.14/httpcore-4.4.14.jar:/home/ec2-user/.m2/repository/software/amazon/awssdk/netty-nio-client/2.16.104/netty-nio-client-2.16.104.jar:/home/ec2-user/.m2/repository/io/netty/netty-codec-http/4.1.67.Final/netty-codec-http-4.1.67.Final.jar:/home/ec2-user/.m2/repository/io/netty/netty-codec-http2/4.1.67.Final/netty-codec-http2-4.1.67.Final.jar:/home/ec2-user/.m2/repository/io/netty/netty-codec/4.1.67.Final/netty-codec-4.1.67.Final.jar:/home/ec2-user/.m2/repository/io/netty/netty-transport/4.1.67.Final/netty-transport-4.1.67.Final.jar:/home/ec2-user/.m2/repository/io/netty/netty-resolver/4.1.67.Final/netty-resolver-4.1.67.Final.jar:/home/ec2-user/.m2/repository/io/netty/netty-common/4.1.67.Final/netty-common-4.1.67.Final.jar:/home/ec2-user/.m2/repository/io/netty/netty-buffer/4.1.67.Final/netty-buffer-4.1.67.Final.jar:/home/ec2-user/.m2/repository/io/netty/netty-handler/4.1.67.Final/netty-handler-4.1.67.Final.jar:/home/ec2-user/.m2/repository/io/netty/netty-transport-native-epoll/4.1.67.Final/netty-transport-native-epoll-4.1.67.Final-linux-x86_64.jar:/home/ec2-user/.m2/repository/io/netty/netty-transport-native-unix-common/4.1.67.Final/netty-transport-native-unix-common-4.1.67.Final.jar:/home/ec2-user/.m2/repository/com/typesafe/netty/netty-reactive-streams-http/2.0.5/netty-reactive-streams-http-2.0.5.jar:/home/ec2-user/.m2/repository/com/typesafe/netty/netty-reactive-streams/2.0.5/netty-reactive-streams-2.0.5.jar:/home/ec2-user/.m2/repository/org/slf4j/slf4j-api/1.7.32/slf4j-api-1.7.32.jar:/home/ec2-user/.m2/repository/software/amazon/awssdk/utils/2.17.292/utils-2.17.292.jar:/home/ec2-user/.m2/repository/org/reactivestreams/reactive-streams/1.0.3/reactive-streams-1.0.3.jar:/home/ec2-user/.m2/repository/software/amazon/awssdk/annotations/2.17.292/annotations-2.17.292.jar:/home/ec2-user/.m2/repository/software/amazon/awssdk/aws-sdk-java/2.17.292/aws-sdk-java-2.17.292.jar:/home/ec2-user/.m2/repository/software/amazon/awssdk/acm/2.17.292/acm-2.17.292.jar:/home/ec2-user/.m2/repository/software/amazon/awssdk/aws-json-protocol/2.17.292/aws-json-protocol-2.17.292.jar:/home/ec2-user/.m2/repository/software/amazon/awssdk/acmpca/2.17.292/acmpca-2.17.292.jar:/home/ec2-user/.m2/repository/software/amazon/awssdk/alexaforbusiness/2.17.292/alexaforbusiness-2.17.292.jar:/home/ec2-user/.m2/repository/software/amazon/awssdk/amplify/2.17.292/amplify-2.17.292.jar:/home/ec2-user/.m2/repository/software/amazon/awssdk/apigateway/2.17.292/apigateway-2.17.292.jar:/home/ec2-user/.m2/repository/software/amazon/awssdk/apigatewaymanagementapi/2.17.292/apigatewaymanagementapi-2.17.292.jar:/home/ec2-user/.m2/repository/software/amazon/awssdk/apigatewayv2/2.17.292/apigatewayv2-2.17.292.jar:/home/ec2-user/.m2/repository/software/amazon/awssdk/applicationautoscaling/2.17.292/applicationautoscaling-2.17.292.jar:/home/ec2-user/.m2/repository/software/amazon/awssdk/applicationdiscovery/2.17.292/applicationdiscovery-2.17.292.jar:/home/ec2-user/.m2/repository/software/amazon/awssdk/appmesh/2.17.292/appmesh-2.17.292.jar:/home/ec2-user/.m2/repository/software/amazon/awssdk/appstream/2.17.292/appstream-2.17.292.jar:/home/ec2-user/.m2/repository/software/amazon/awssdk/appsync/2.17.292/appsync-2.17.292.jar:/home/ec2-user/.m2/repository/software/amazon/awssdk/athena/2.17.292/athena-2.17.292.jar:/home/ec2-user/.m2/repository/software/amazon/awssdk/autoscaling/2.17.292/autoscaling-2.17.292.jar:/home/ec2-user/.m2/repository/software/amazon/awssdk/autoscalingplans/2.17.292/autoscalingplans-2.17.292.jar:/home/ec2-user/.m2/repository/software/amazon/awssdk/backup/2.17.292/backup-2.17.292.jar:/home/ec2-user/.m2/repository/software/amazon/awssdk/batch/2.17.292/batch-2.17.292.jar:/home/ec2-user/.m2/repository/software/amazon/awssdk/budgets/2.17.292/budgets-2.17.292.jar:/home/ec2-user/.m2/repository/software/amazon/awssdk/chime/2.17.292/chime-2.17.292.jar:/home/ec2-user/.m2/repository/software/amazon/awssdk/cloud9/2.17.292/cloud9-2.17.292.jar:/home/ec2-user/.m2/repository/software/amazon/awssdk/clouddirectory/2.17.292/clouddirectory-2.17.292.jar:/home/ec2-user/.m2/repository/software/amazon/awssdk/cloudformation/2.17.292/cloudformation-2.17.292.jar:/home/ec2-user/.m2/repository/software/amazon/awssdk/cloudfront/2.17.292/cloudfront-2.17.292.jar:/home/ec2-user/.m2/repository/software/amazon/awssdk/aws-xml-protocol/2.17.292/aws-xml-protocol-2.17.292.jar:/home/ec2-user/.m2/repository/software/amazon/awssdk/cloudhsm/2.17.292/cloudhsm-2.17.292.jar:/home/ec2-user/.m2/repository/software/amazon/awssdk/cloudhsmv2/2.17.292/cloudhsmv2-2.17.292.jar:/home/ec2-user/.m2/repository/software/amazon/awssdk/cloudsearch/2.17.292/cloudsearch-2.17.292.jar:/home/ec2-user/.m2/repository/software/amazon/awssdk/cloudsearchdomain/2.17.292/cloudsearchdomain-2.17.292.jar:/home/ec2-user/.m2/repository/software/amazon/awssdk/cloudtrail/2.17.292/cloudtrail-2.17.292.jar:/home/ec2-user/.m2/repository/software/amazon/awssdk/cloudwatchevents/2.17.292/cloudwatchevents-2.17.292.jar:/home/ec2-user/.m2/repository/software/amazon/awssdk/cloudwatchlogs/2.17.292/cloudwatchlogs-2.17.292.jar:/home/ec2-user/.m2/repository/software/amazon/awssdk/codebuild/2.17.292/codebuild-2.17.292.jar:/home/ec2-user/.m2/repository/software/amazon/awssdk/codecommit/2.17.292/codecommit-2.17.292.jar:/home/ec2-user/.m2/repository/software/amazon/awssdk/codedeploy/2.17.292/codedeploy-2.17.292.jar:/home/ec2-user/.m2/repository/software/amazon/awssdk/codepipeline/2.17.292/codepipeline-2.17.292.jar:/home/ec2-user/.m2/repository/software/amazon/awssdk/codestar/2.17.292/codestar-2.17.292.jar:/home/ec2-user/.m2/repository/software/amazon/awssdk/cognitoidentity/2.17.292/cognitoidentity-2.17.292.jar:/home/ec2-user/.m2/repository/software/amazon/awssdk/cognitoidentityprovider/2.17.292/cognitoidentityprovider-2.17.292.jar:/home/ec2-user/.m2/repository/software/amazon/awssdk/cognitosync/2.17.292/cognitosync-2.17.292.jar:/home/ec2-user/.m2/repository/software/amazon/awssdk/comprehend/2.17.292/comprehend-2.17.292.jar:/home/ec2-user/.m2/repository/software/amazon/awssdk/comprehendmedical/2.17.292/comprehendmedical-2.17.292.jar:/home/ec2-user/.m2/repository/software/amazon/awssdk/config/2.17.292/config-2.17.292.jar:/home/ec2-user/.m2/repository/software/amazon/awssdk/connect/2.17.292/connect-2.17.292.jar:/home/ec2-user/.m2/repository/software/amazon/awssdk/costandusagereport/2.17.292/costandusagereport-2.17.292.jar:/home/ec2-user/.m2/repository/software/amazon/awssdk/costexplorer/2.17.292/costexplorer-2.17.292.jar:/home/ec2-user/.m2/repository/software/amazon/awssdk/databasemigration/2.17.292/databasemigration-2.17.292.jar:/home/ec2-user/.m2/repository/software/amazon/awssdk/datapipeline/2.17.292/datapipeline-2.17.292.jar:/home/ec2-user/.m2/repository/software/amazon/awssdk/datasync/2.17.292/datasync-2.17.292.jar:/home/ec2-user/.m2/repository/software/amazon/awssdk/dax/2.17.292/dax-2.17.292.jar:/home/ec2-user/.m2/repository/software/amazon/awssdk/devicefarm/2.17.292/devicefarm-2.17.292.jar:/home/ec2-user/.m2/repository/software/amazon/awssdk/directconnect/2.17.292/directconnect-2.17.292.jar:/home/ec2-user/.m2/repository/software/amazon/awssdk/directory/2.17.292/directory-2.17.292.jar:/home/ec2-user/.m2/repository/software/amazon/awssdk/dlm/2.17.292/dlm-2.17.292.jar:/home/ec2-user/.m2/repository/software/amazon/awssdk/docdb/2.17.292/docdb-2.17.292.jar:/home/ec2-user/.m2/repository/software/amazon/awssdk/profiles/2.17.292/profiles-2.17.292.jar:/home/ec2-user/.m2/repository/software/amazon/awssdk/dynamodb/2.17.292/dynamodb-2.17.292.jar:/home/ec2-user/.m2/repository/software/amazon/awssdk/ec2/2.17.292/ec2-2.17.292.jar:/home/ec2-user/.m2/repository/software/amazon/awssdk/ecr/2.17.292/ecr-2.17.292.jar:/home/ec2-user/.m2/repository/software/amazon/awssdk/ecs/2.17.292/ecs-2.17.292.jar:/home/ec2-user/.m2/repository/software/amazon/awssdk/efs/2.17.292/efs-2.17.292.jar:/home/ec2-user/.m2/repository/software/amazon/awssdk/eks/2.17.292/eks-2.17.292.jar:/home/ec2-user/.m2/repository/software/amazon/awssdk/elasticache/2.17.292/elasticache-2.17.292.jar:/home/ec2-user/.m2/repository/software/amazon/awssdk/elasticbeanstalk/2.17.292/elasticbeanstalk-2.17.292.jar:/home/ec2-user/.m2/repository/software/amazon/awssdk/elasticloadbalancing/2.17.292/elasticloadbalancing-2.17.292.jar:/home/ec2-user/.m2/repository/software/amazon/awssdk/elasticloadbalancingv2/2.17.292/elasticloadbalancingv2-2.17.292.jar:/home/ec2-user/.m2/repository/software/amazon/awssdk/elasticsearch/2.17.292/elasticsearch-2.17.292.jar:/home/ec2-user/.m2/repository/software/amazon/awssdk/elastictranscoder/2.17.292/elastictranscoder-2.17.292.jar:/home/ec2-user/.m2/repository/software/amazon/awssdk/emr/2.17.292/emr-2.17.292.jar:/home/ec2-user/.m2/repository/software/amazon/awssdk/firehose/2.17.292/firehose-2.17.292.jar:/home/ec2-user/.m2/repository/software/amazon/awssdk/fms/2.17.292/fms-2.17.292.jar:/home/ec2-user/.m2/repository/software/amazon/awssdk/fsx/2.17.292/fsx-2.17.292.jar:/home/ec2-user/.m2/repository/software/amazon/awssdk/gamelift/2.17.292/gamelift-2.17.292.jar:/home/ec2-user/.m2/repository/software/amazon/awssdk/glacier/2.17.292/glacier-2.17.292.jar:/home/ec2-user/.m2/repository/software/amazon/awssdk/globalaccelerator/2.17.292/globalaccelerator-2.17.292.jar:/home/ec2-user/.m2/repository/software/amazon/awssdk/glue/2.17.292/glue-2.17.292.jar:/home/ec2-user/.m2/repository/software/amazon/awssdk/greengrass/2.17.292/greengrass-2.17.292.jar:/home/ec2-user/.m2/repository/software/amazon/awssdk/guardduty/2.17.292/guardduty-2.17.292.jar:/home/ec2-user/.m2/repository/software/amazon/awssdk/health/2.17.292/health-2.17.292.jar:/home/ec2-user/.m2/repository/software/amazon/awssdk/iam/2.17.292/iam-2.17.292.jar:/home/ec2-user/.m2/repository/software/amazon/awssdk/inspector/2.17.292/inspector-2.17.292.jar:/home/ec2-user/.m2/repository/software/amazon/awssdk/iot/2.17.292/iot-2.17.292.jar:/home/ec2-user/.m2/repository/software/amazon/awssdk/iot1clickdevices/2.17.292/iot1clickdevices-2.17.292.jar:/home/ec2-user/.m2/repository/software/amazon/awssdk/iot1clickprojects/2.17.292/iot1clickprojects-2.17.292.jar:/home/ec2-user/.m2/repository/software/amazon/awssdk/iotanalytics/2.17.292/iotanalytics-2.17.292.jar:/home/ec2-user/.m2/repository/software/amazon/awssdk/iotdataplane/2.17.292/iotdataplane-2.17.292.jar:/home/ec2-user/.m2/repository/software/amazon/awssdk/iotjobsdataplane/2.17.292/iotjobsdataplane-2.17.292.jar:/home/ec2-user/.m2/repository/software/amazon/awssdk/kafka/2.17.292/kafka-2.17.292.jar:/home/ec2-user/.m2/repository/software/amazon/awssdk/kinesis/2.17.292/kinesis-2.17.292.jar:/home/ec2-user/.m2/repository/software/amazon/awssdk/aws-cbor-protocol/2.17.292/aws-cbor-protocol-2.17.292.jar:/home/ec2-user/.m2/repository/software/amazon/awssdk/third-party-jackson-dataformat-cbor/2.17.292/third-party-jackson-dataformat-cbor-2.17.292.jar:/home/ec2-user/.m2/repository/software/amazon/awssdk/kinesisanalytics/2.17.292/kinesisanalytics-2.17.292.jar:/home/ec2-user/.m2/repository/software/amazon/awssdk/kinesisanalyticsv2/2.17.292/kinesisanalyticsv2-2.17.292.jar:/home/ec2-user/.m2/repository/software/amazon/awssdk/kinesisvideo/2.17.292/kinesisvideo-2.17.292.jar:/home/ec2-user/.m2/repository/software/amazon/awssdk/kinesisvideoarchivedmedia/2.17.292/kinesisvideoarchivedmedia-2.17.292.jar:/home/ec2-user/.m2/repository/software/amazon/awssdk/kinesisvideomedia/2.17.292/kinesisvideomedia-2.17.292.jar:/home/ec2-user/.m2/repository/software/amazon/awssdk/kms/2.17.292/kms-2.17.292.jar:/home/ec2-user/.m2/repository/software/amazon/awssdk/lambda/2.17.292/lambda-2.17.292.jar:/home/ec2-user/.m2/repository/software/amazon/awssdk/lexmodelbuilding/2.17.292/lexmodelbuilding-2.17.292.jar:/home/ec2-user/.m2/repository/software/amazon/awssdk/lexruntime/2.17.292/lexruntime-2.17.292.jar:/home/ec2-user/.m2/repository/software/amazon/awssdk/licensemanager/2.17.292/licensemanager-2.17.292.jar:/home/ec2-user/.m2/repository/software/amazon/awssdk/lightsail/2.17.292/lightsail-2.17.292.jar:/home/ec2-user/.m2/repository/software/amazon/awssdk/machinelearning/2.17.292/machinelearning-2.17.292.jar:/home/ec2-user/.m2/repository/software/amazon/awssdk/macie/2.17.292/macie-2.17.292.jar:/home/ec2-user/.m2/repository/software/amazon/awssdk/managedblockchain/2.17.292/managedblockchain-2.17.292.jar:/home/ec2-user/.m2/repository/software/amazon/awssdk/marketplacecommerceanalytics/2.17.292/marketplacecommerceanalytics-2.17.292.jar:/home/ec2-user/.m2/repository/software/amazon/awssdk/marketplaceentitlement/2.17.292/marketplaceentitlement-2.17.292.jar:/home/ec2-user/.m2/repository/software/amazon/awssdk/marketplacemetering/2.17.292/marketplacemetering-2.17.292.jar:/home/ec2-user/.m2/repository/software/amazon/awssdk/mediaconnect/2.17.292/mediaconnect-2.17.292.jar:/home/ec2-user/.m2/repository/software/amazon/awssdk/mediaconvert/2.17.292/mediaconvert-2.17.292.jar:/home/ec2-user/.m2/repository/software/amazon/awssdk/medialive/2.17.292/medialive-2.17.292.jar:/home/ec2-user/.m2/repository/software/amazon/awssdk/mediapackage/2.17.292/mediapackage-2.17.292.jar:/home/ec2-user/.m2/repository/software/amazon/awssdk/mediapackagevod/2.17.292/mediapackagevod-2.17.292.jar:/home/ec2-user/.m2/repository/software/amazon/awssdk/mediastore/2.17.292/mediastore-2.17.292.jar:/home/ec2-user/.m2/repository/software/amazon/awssdk/mediastoredata/2.17.292/mediastoredata-2.17.292.jar:/home/ec2-user/.m2/repository/software/amazon/awssdk/mediatailor/2.17.292/mediatailor-2.17.292.jar:/home/ec2-user/.m2/repository/software/amazon/awssdk/migrationhub/2.17.292/migrationhub-2.17.292.jar:/home/ec2-user/.m2/repository/software/amazon/awssdk/mobile/2.17.292/mobile-2.17.292.jar:/home/ec2-user/.m2/repository/software/amazon/awssdk/mq/2.17.292/mq-2.17.292.jar:/home/ec2-user/.m2/repository/software/amazon/awssdk/mturk/2.17.292/mturk-2.17.292.jar:/home/ec2-user/.m2/repository/software/amazon/awssdk/neptune/2.17.292/neptune-2.17.292.jar:/home/ec2-user/.m2/repository/software/amazon/awssdk/opsworks/2.17.292/opsworks-2.17.292.jar:/home/ec2-user/.m2/repository/software/amazon/awssdk/opsworkscm/2.17.292/opsworkscm-2.17.292.jar:/home/ec2-user/.m2/repository/software/amazon/awssdk/organizations/2.17.292/organizations-2.17.292.jar:/home/ec2-user/.m2/repository/software/amazon/awssdk/pi/2.17.292/pi-2.17.292.jar:/home/ec2-user/.m2/repository/software/amazon/awssdk/pinpoint/2.17.292/pinpoint-2.17.292.jar:/home/ec2-user/.m2/repository/software/amazon/awssdk/pinpointemail/2.17.292/pinpointemail-2.17.292.jar:/home/ec2-user/.m2/repository/software/amazon/awssdk/pinpointsmsvoice/2.17.292/pinpointsmsvoice-2.17.292.jar:/home/ec2-user/.m2/repository/software/amazon/awssdk/polly/2.17.292/polly-2.17.292.jar:/home/ec2-user/.m2/repository/software/amazon/awssdk/pricing/2.17.292/pricing-2.17.292.jar:/home/ec2-user/.m2/repository/software/amazon/awssdk/quicksight/2.17.292/quicksight-2.17.292.jar:/home/ec2-user/.m2/repository/software/amazon/awssdk/ram/2.17.292/ram-2.17.292.jar:/home/ec2-user/.m2/repository/software/amazon/awssdk/rds/2.17.292/rds-2.17.292.jar:/home/ec2-user/.m2/repository/software/amazon/awssdk/rdsdata/2.17.292/rdsdata-2.17.292.jar:/home/ec2-user/.m2/repository/software/amazon/awssdk/redshift/2.17.292/redshift-2.17.292.jar:/home/ec2-user/.m2/repository/software/amazon/awssdk/rekognition/2.17.292/rekognition-2.17.292.jar:/home/ec2-user/.m2/repository/software/amazon/awssdk/resourcegroups/2.17.292/resourcegroups-2.17.292.jar:/home/ec2-user/.m2/repository/software/amazon/awssdk/resourcegroupstaggingapi/2.17.292/resourcegroupstaggingapi-2.17.292.jar:/home/ec2-user/.m2/repository/software/amazon/awssdk/robomaker/2.17.292/robomaker-2.17.292.jar:/home/ec2-user/.m2/repository/software/amazon/awssdk/route53/2.17.292/route53-2.17.292.jar:/home/ec2-user/.m2/repository/software/amazon/awssdk/route53domains/2.17.292/route53domains-2.17.292.jar:/home/ec2-user/.m2/repository/software/amazon/awssdk/route53resolver/2.17.292/route53resolver-2.17.292.jar:/home/ec2-user/.m2/repository/software/amazon/awssdk/s3/2.17.292/s3-2.17.292.jar:/home/ec2-user/.m2/repository/software/amazon/awssdk/arns/2.17.292/arns-2.17.292.jar:/home/ec2-user/.m2/repository/software/amazon/awssdk/s3control/2.17.292/s3control-2.17.292.jar:/home/ec2-user/.m2/repository/software/amazon/awssdk/sagemaker/2.17.292/sagemaker-2.17.292.jar:/home/ec2-user/.m2/repository/software/amazon/awssdk/sagemakerruntime/2.17.292/sagemakerruntime-2.17.292.jar:/home/ec2-user/.m2/repository/software/amazon/awssdk/secretsmanager/2.17.292/secretsmanager-2.17.292.jar:/home/ec2-user/.m2/repository/software/amazon/awssdk/securityhub/2.17.292/securityhub-2.17.292.jar:/home/ec2-user/.m2/repository/software/amazon/awssdk/serverlessapplicationrepository/2.17.292/serverlessapplicationrepository-2.17.292.jar:/home/ec2-user/.m2/repository/software/amazon/awssdk/servicecatalog/2.17.292/servicecatalog-2.17.292.jar:/home/ec2-user/.m2/repository/software/amazon/awssdk/servicediscovery/2.17.292/servicediscovery-2.17.292.jar:/home/ec2-user/.m2/repository/software/amazon/awssdk/ses/2.17.292/ses-2.17.292.jar:/home/ec2-user/.m2/repository/software/amazon/awssdk/sfn/2.17.292/sfn-2.17.292.jar:/home/ec2-user/.m2/repository/software/amazon/awssdk/shield/2.17.292/shield-2.17.292.jar:/home/ec2-user/.m2/repository/software/amazon/awssdk/signer/2.17.292/signer-2.17.292.jar:/home/ec2-user/.m2/repository/software/amazon/awssdk/sms/2.17.292/sms-2.17.292.jar:/home/ec2-user/.m2/repository/software/amazon/awssdk/snowball/2.17.292/snowball-2.17.292.jar:/home/ec2-user/.m2/repository/software/amazon/awssdk/sns/2.17.292/sns-2.17.292.jar:/home/ec2-user/.m2/repository/software/amazon/awssdk/sqs/2.17.292/sqs-2.17.292.jar:/home/ec2-user/.m2/repository/software/amazon/awssdk/ssm/2.17.292/ssm-2.17.292.jar:/home/ec2-user/.m2/repository/software/amazon/awssdk/storagegateway/2.17.292/storagegateway-2.17.292.jar:/home/ec2-user/.m2/repository/software/amazon/awssdk/sts/2.17.292/sts-2.17.292.jar:/home/ec2-user/.m2/repository/software/amazon/awssdk/support/2.17.292/support-2.17.292.jar:/home/ec2-user/.m2/repository/software/amazon/awssdk/swf/2.17.292/swf-2.17.292.jar:/home/ec2-user/.m2/repository/software/amazon/awssdk/textract/2.17.292/textract-2.17.292.jar:/home/ec2-user/.m2/repository/software/amazon/awssdk/transcribe/2.17.292/transcribe-2.17.292.jar:/home/ec2-user/.m2/repository/software/amazon/awssdk/transcribestreaming/2.17.292/transcribestreaming-2.17.292.jar:/home/ec2-user/.m2/repository/software/amazon/awssdk/transfer/2.17.292/transfer-2.17.292.jar:/home/ec2-user/.m2/repository/software/amazon/awssdk/translate/2.17.292/translate-2.17.292.jar:/home/ec2-user/.m2/repository/software/amazon/awssdk/waf/2.17.292/waf-2.17.292.jar:/home/ec2-user/.m2/repository/software/amazon/awssdk/workdocs/2.17.292/workdocs-2.17.292.jar:/home/ec2-user/.m2/repository/software/amazon/awssdk/worklink/2.17.292/worklink-2.17.292.jar:/home/ec2-user/.m2/repository/software/amazon/awssdk/workmail/2.17.292/workmail-2.17.292.jar:/home/ec2-user/.m2/repository/software/amazon/awssdk/workspaces/2.17.292/workspaces-2.17.292.jar:/home/ec2-user/.m2/repository/software/amazon/awssdk/xray/2.17.292/xray-2.17.292.jar:/home/ec2-user/.m2/repository/software/amazon/awssdk/groundstation/2.17.292/groundstation-2.17.292.jar:/home/ec2-user/.m2/repository/software/amazon/awssdk/iotthingsgraph/2.17.292/iotthingsgraph-2.17.292.jar:/home/ec2-user/.m2/repository/software/amazon/awssdk/iotevents/2.17.292/iotevents-2.17.292.jar:/home/ec2-user/.m2/repository/software/amazon/awssdk/ioteventsdata/2.17.292/ioteventsdata-2.17.292.jar:/home/ec2-user/.m2/repository/software/amazon/awssdk/personalizeruntime/2.17.292/personalizeruntime-2.17.292.jar:/home/ec2-user/.m2/repository/software/amazon/awssdk/personalize/2.17.292/personalize-2.17.292.jar:/home/ec2-user/.m2/repository/software/amazon/awssdk/personalizeevents/2.17.292/personalizeevents-2.17.292.jar:/home/ec2-user/.m2/repository/software/amazon/awssdk/servicequotas/2.17.292/servicequotas-2.17.292.jar:/home/ec2-user/.m2/repository/software/amazon/awssdk/applicationinsights/2.17.292/applicationinsights-2.17.292.jar:/home/ec2-user/.m2/repository/software/amazon/awssdk/ec2instanceconnect/2.17.292/ec2instanceconnect-2.17.292.jar:/home/ec2-user/.m2/repository/software/amazon/awssdk/eventbridge/2.17.292/eventbridge-2.17.292.jar:/home/ec2-user/.m2/repository/software/amazon/awssdk/lakeformation/2.17.292/lakeformation-2.17.292.jar:/home/ec2-user/.m2/repository/software/amazon/awssdk/forecast/2.17.292/forecast-2.17.292.jar:/home/ec2-user/.m2/repository/software/amazon/awssdk/forecastquery/2.17.292/forecastquery-2.17.292.jar:/home/ec2-user/.m2/repository/software/amazon/awssdk/qldb/2.17.292/qldb-2.17.292.jar:/home/ec2-user/.m2/repository/software/amazon/awssdk/qldbsession/2.17.292/qldbsession-2.17.292.jar:/home/ec2-user/.m2/repository/software/amazon/awssdk/workmailmessageflow/2.17.292/workmailmessageflow-2.17.292.jar:/home/ec2-user/.m2/repository/software/amazon/awssdk/codestarnotifications/2.17.292/codestarnotifications-2.17.292.jar:/home/ec2-user/.m2/repository/software/amazon/awssdk/savingsplans/2.17.292/savingsplans-2.17.292.jar:/home/ec2-user/.m2/repository/software/amazon/awssdk/sso/2.17.292/sso-2.17.292.jar:/home/ec2-user/.m2/repository/software/amazon/awssdk/json-utils/2.17.292/json-utils-2.17.292.jar:/home/ec2-user/.m2/repository/software/amazon/awssdk/ssooidc/2.17.292/ssooidc-2.17.292.jar:/home/ec2-user/.m2/repository/software/amazon/awssdk/third-party-jackson-core/2.17.292/third-party-jackson-core-2.17.292.jar:/home/ec2-user/.m2/repository/software/amazon/awssdk/marketplacecatalog/2.17.292/marketplacecatalog-2.17.292.jar:/home/ec2-user/.m2/repository/software/amazon/awssdk/sesv2/2.17.292/sesv2-2.17.292.jar:/home/ec2-user/.m2/repository/software/amazon/awssdk/dataexchange/2.17.292/dataexchange-2.17.292.jar:/home/ec2-user/.m2/repository/software/amazon/awssdk/migrationhubconfig/2.17.292/migrationhubconfig-2.17.292.jar:/home/ec2-user/.m2/repository/software/amazon/awssdk/connectparticipant/2.17.292/connectparticipant-2.17.292.jar:/home/ec2-user/.m2/repository/software/amazon/awssdk/wafv2/2.17.292/wafv2-2.17.292.jar:/home/ec2-user/.m2/repository/software/amazon/awssdk/appconfig/2.17.292/appconfig-2.17.292.jar:/home/ec2-user/.m2/repository/software/amazon/awssdk/iotsecuretunneling/2.17.292/iotsecuretunneling-2.17.292.jar:/home/ec2-user/.m2/repository/software/amazon/awssdk/elasticinference/2.17.292/elasticinference-2.17.292.jar:/home/ec2-user/.m2/repository/software/amazon/awssdk/imagebuilder/2.17.292/imagebuilder-2.17.292.jar:/home/ec2-user/.m2/repository/software/amazon/awssdk/schemas/2.17.292/schemas-2.17.292.jar:/home/ec2-user/.m2/repository/software/amazon/awssdk/accessanalyzer/2.17.292/accessanalyzer-2.17.292.jar:/home/ec2-user/.m2/repository/software/amazon/awssdk/computeoptimizer/2.17.292/computeoptimizer-2.17.292.jar:/home/ec2-user/.m2/repository/software/amazon/awssdk/networkmanager/2.17.292/networkmanager-2.17.292.jar:/home/ec2-user/.m2/repository/software/amazon/awssdk/kendra/2.17.292/kendra-2.17.292.jar:/home/ec2-user/.m2/repository/software/amazon/awssdk/frauddetector/2.17.292/frauddetector-2.17.292.jar:/home/ec2-user/.m2/repository/software/amazon/awssdk/codegurureviewer/2.17.292/codegurureviewer-2.17.292.jar:/home/ec2-user/.m2/repository/software/amazon/awssdk/codeguruprofiler/2.17.292/codeguruprofiler-2.17.292.jar:/home/ec2-user/.m2/repository/software/amazon/awssdk/outposts/2.17.292/outposts-2.17.292.jar:/home/ec2-user/.m2/repository/software/amazon/awssdk/sagemakera2iruntime/2.17.292/sagemakera2iruntime-2.17.292.jar:/home/ec2-user/.m2/repository/software/amazon/awssdk/ebs/2.17.292/ebs-2.17.292.jar:/home/ec2-user/.m2/repository/software/amazon/awssdk/kinesisvideosignaling/2.17.292/kinesisvideosignaling-2.17.292.jar:/home/ec2-user/.m2/repository/software/amazon/awssdk/detective/2.17.292/detective-2.17.292.jar:/home/ec2-user/.m2/repository/software/amazon/awssdk/codestarconnections/2.17.292/codestarconnections-2.17.292.jar:/home/ec2-user/.m2/repository/software/amazon/awssdk/synthetics/2.17.292/synthetics-2.17.292.jar:/home/ec2-user/.m2/repository/software/amazon/awssdk/iotsitewise/2.17.292/iotsitewise-2.17.292.jar:/home/ec2-user/.m2/repository/software/amazon/awssdk/macie2/2.17.292/macie2-2.17.292.jar:/home/ec2-user/.m2/repository/software/amazon/awssdk/codeartifact/2.17.292/codeartifact-2.17.292.jar:/home/ec2-user/.m2/repository/software/amazon/awssdk/honeycode/2.17.292/honeycode-2.17.292.jar:/home/ec2-user/.m2/repository/software/amazon/awssdk/ivs/2.17.292/ivs-2.17.292.jar:/home/ec2-user/.m2/repository/software/amazon/awssdk/braket/2.17.292/braket-2.17.292.jar:/home/ec2-user/.m2/repository/software/amazon/awssdk/identitystore/2.17.292/identitystore-2.17.292.jar:/home/ec2-user/.m2/repository/software/amazon/awssdk/appflow/2.17.292/appflow-2.17.292.jar:/home/ec2-user/.m2/repository/software/amazon/awssdk/redshiftdata/2.17.292/redshiftdata-2.17.292.jar:/home/ec2-user/.m2/repository/software/amazon/awssdk/ssoadmin/2.17.292/ssoadmin-2.17.292.jar:/home/ec2-user/.m2/repository/software/amazon/awssdk/timestreamwrite/2.17.292/timestreamwrite-2.17.292.jar:/home/ec2-user/.m2/repository/software/amazon/awssdk/timestreamquery/2.17.292/timestreamquery-2.17.292.jar:/home/ec2-user/.m2/repository/software/amazon/awssdk/s3outposts/2.17.292/s3outposts-2.17.292.jar:/home/ec2-user/.m2/repository/software/amazon/awssdk/databrew/2.17.292/databrew-2.17.292.jar:/home/ec2-user/.m2/repository/software/amazon/awssdk/servicecatalogappregistry/2.17.292/servicecatalogappregistry-2.17.292.jar:/home/ec2-user/.m2/repository/software/amazon/awssdk/networkfirewall/2.17.292/networkfirewall-2.17.292.jar:/home/ec2-user/.m2/repository/software/amazon/awssdk/mwaa/2.17.292/mwaa-2.17.292.jar:/home/ec2-user/.m2/repository/software/amazon/awssdk/devopsguru/2.17.292/devopsguru-2.17.292.jar:/home/ec2-user/.m2/repository/software/amazon/awssdk/sagemakerfeaturestoreruntime/2.17.292/sagemakerfeaturestoreruntime-2.17.292.jar:/home/ec2-user/.m2/repository/software/amazon/awssdk/appintegrations/2.17.292/appintegrations-2.17.292.jar:/home/ec2-user/.m2/repository/software/amazon/awssdk/ecrpublic/2.17.292/ecrpublic-2.17.292.jar:/home/ec2-user/.m2/repository/software/amazon/awssdk/amplifybackend/2.17.292/amplifybackend-2.17.292.jar:/home/ec2-user/.m2/repository/software/amazon/awssdk/connectcontactlens/2.17.292/connectcontactlens-2.17.292.jar:/home/ec2-user/.m2/repository/software/amazon/awssdk/lookoutvision/2.17.292/lookoutvision-2.17.292.jar:/home/ec2-user/.m2/repository/software/amazon/awssdk/customerprofiles/2.17.292/customerprofiles-2.17.292.jar:/home/ec2-user/.m2/repository/software/amazon/awssdk/emrcontainers/2.17.292/emrcontainers-2.17.292.jar:/home/ec2-user/.m2/repository/software/amazon/awssdk/sagemakeredge/2.17.292/sagemakeredge-2.17.292.jar:/home/ec2-user/.m2/repository/software/amazon/awssdk/healthlake/2.17.292/healthlake-2.17.292.jar:/home/ec2-user/.m2/repository/software/amazon/awssdk/auditmanager/2.17.292/auditmanager-2.17.292.jar:/home/ec2-user/.m2/repository/software/amazon/awssdk/amp/2.17.292/amp-2.17.292.jar:/home/ec2-user/.m2/repository/software/amazon/awssdk/greengrassv2/2.17.292/greengrassv2-2.17.292.jar:/home/ec2-user/.m2/repository/software/amazon/awssdk/iotwireless/2.17.292/iotwireless-2.17.292.jar:/home/ec2-user/.m2/repository/software/amazon/awssdk/iotfleethub/2.17.292/iotfleethub-2.17.292.jar:/home/ec2-user/.m2/repository/software/amazon/awssdk/iotdeviceadvisor/2.17.292/iotdeviceadvisor-2.17.292.jar:/home/ec2-user/.m2/repository/software/amazon/awssdk/location/2.17.292/location-2.17.292.jar:/home/ec2-user/.m2/repository/software/amazon/awssdk/wellarchitected/2.17.292/wellarchitected-2.17.292.jar:/home/ec2-user/.m2/repository/software/amazon/awssdk/lexruntimev2/2.17.292/lexruntimev2-2.17.292.jar:/home/ec2-user/.m2/repository/software/amazon/awssdk/lexmodelsv2/2.17.292/lexmodelsv2-2.17.292.jar:/home/ec2-user/.m2/repository/software/amazon/awssdk/fis/2.17.292/fis-2.17.292.jar:/home/ec2-user/.m2/repository/software/amazon/awssdk/lookoutmetrics/2.17.292/lookoutmetrics-2.17.292.jar:/home/ec2-user/.m2/repository/software/amazon/awssdk/mgn/2.17.292/mgn-2.17.292.jar:/home/ec2-user/.m2/repository/software/amazon/awssdk/lookoutequipment/2.17.292/lookoutequipment-2.17.292.jar:/home/ec2-user/.m2/repository/software/amazon/awssdk/nimble/2.17.292/nimble-2.17.292.jar:/home/ec2-user/.m2/repository/software/amazon/awssdk/finspacedata/2.17.292/finspacedata-2.17.292.jar:/home/ec2-user/.m2/repository/software/amazon/awssdk/finspace/2.17.292/finspace-2.17.292.jar:/home/ec2-user/.m2/repository/software/amazon/awssdk/ssmincidents/2.17.292/ssmincidents-2.17.292.jar:/home/ec2-user/.m2/repository/software/amazon/awssdk/ssmcontacts/2.17.292/ssmcontacts-2.17.292.jar:/home/ec2-user/.m2/repository/software/amazon/awssdk/applicationcostprofiler/2.17.292/applicationcostprofiler-2.17.292.jar:/home/ec2-user/.m2/repository/software/amazon/awssdk/apprunner/2.17.292/apprunner-2.17.292.jar:/home/ec2-user/.m2/repository/software/amazon/awssdk/proton/2.17.292/proton-2.17.292.jar:/home/ec2-user/.m2/repository/software/amazon/awssdk/route53recoveryreadiness/2.17.292/route53recoveryreadiness-2.17.292.jar:/home/ec2-user/.m2/repository/software/amazon/awssdk/route53recoverycontrolconfig/2.17.292/route53recoverycontrolconfig-2.17.292.jar:/home/ec2-user/.m2/repository/software/amazon/awssdk/route53recoverycluster/2.17.292/route53recoverycluster-2.17.292.jar:/home/ec2-user/.m2/repository/software/amazon/awssdk/chimesdkmessaging/2.17.292/chimesdkmessaging-2.17.292.jar:/home/ec2-user/.m2/repository/software/amazon/awssdk/chimesdkidentity/2.17.292/chimesdkidentity-2.17.292.jar:/home/ec2-user/.m2/repository/software/amazon/awssdk/snowdevicemanagement/2.17.292/snowdevicemanagement-2.17.292.jar:/home/ec2-user/.m2/repository/software/amazon/awssdk/memorydb/2.17.292/memorydb-2.17.292.jar:/home/ec2-user/.m2/repository/software/amazon/awssdk/opensearch/2.17.292/opensearch-2.17.292.jar:/home/ec2-user/.m2/repository/software/amazon/awssdk/kafkaconnect/2.17.292/kafkaconnect-2.17.292.jar:/home/ec2-user/.m2/repository/software/amazon/awssdk/wisdom/2.17.292/wisdom-2.17.292.jar:/home/ec2-user/.m2/repository/software/amazon/awssdk/voiceid/2.17.292/voiceid-2.17.292.jar:/home/ec2-user/.m2/repository/software/amazon/awssdk/account/2.17.292/account-2.17.292.jar:/home/ec2-user/.m2/repository/software/amazon/awssdk/cloudcontrol/2.17.292/cloudcontrol-2.17.292.jar:/home/ec2-user/.m2/repository/software/amazon/awssdk/grafana/2.17.292/grafana-2.17.292.jar:/home/ec2-user/.m2/repository/software/amazon/awssdk/panorama/2.17.292/panorama-2.17.292.jar:/home/ec2-user/.m2/repository/software/amazon/awssdk/chimesdkmeetings/2.17.292/chimesdkmeetings-2.17.292.jar:/home/ec2-user/.m2/repository/software/amazon/awssdk/resiliencehub/2.17.292/resiliencehub-2.17.292.jar:/home/ec2-user/.m2/repository/software/amazon/awssdk/migrationhubstrategy/2.17.292/migrationhubstrategy-2.17.292.jar:/home/ec2-user/.m2/repository/software/amazon/awssdk/drs/2.17.292/drs-2.17.292.jar:/home/ec2-user/.m2/repository/software/amazon/awssdk/appconfigdata/2.17.292/appconfigdata-2.17.292.jar:/home/ec2-user/.m2/repository/software/amazon/awssdk/migrationhubrefactorspaces/2.17.292/migrationhubrefactorspaces-2.17.292.jar:/home/ec2-user/.m2/repository/software/amazon/awssdk/inspector2/2.17.292/inspector2-2.17.292.jar:/home/ec2-user/.m2/repository/software/amazon/awssdk/evidently/2.17.292/evidently-2.17.292.jar:/home/ec2-user/.m2/repository/software/amazon/awssdk/rum/2.17.292/rum-2.17.292.jar:/home/ec2-user/.m2/repository/software/amazon/awssdk/rbin/2.17.292/rbin-2.17.292.jar:/home/ec2-user/.m2/repository/software/amazon/awssdk/iottwinmaker/2.17.292/iottwinmaker-2.17.292.jar:/home/ec2-user/.m2/repository/software/amazon/awssdk/workspacesweb/2.17.292/workspacesweb-2.17.292.jar:/home/ec2-user/.m2/repository/software/amazon/awssdk/backupgateway/2.17.292/backupgateway-2.17.292.jar:/home/ec2-user/.m2/repository/software/amazon/awssdk/amplifyuibuilder/2.17.292/amplifyuibuilder-2.17.292.jar:/home/ec2-user/.m2/repository/software/amazon/awssdk/keyspaces/2.17.292/keyspaces-2.17.292.jar:/home/ec2-user/.m2/repository/software/amazon/awssdk/billingconductor/2.17.292/billingconductor-2.17.292.jar:/home/ec2-user/.m2/repository/software/amazon/awssdk/gamesparks/2.17.292/gamesparks-2.17.292.jar:/home/ec2-user/.m2/repository/software/amazon/awssdk/pinpointsmsvoicev2/2.17.292/pinpointsmsvoicev2-2.17.292.jar:/home/ec2-user/.m2/repository/software/amazon/awssdk/ivschat/2.17.292/ivschat-2.17.292.jar:/home/ec2-user/.m2/repository/software/amazon/awssdk/chimesdkmediapipelines/2.17.292/chimesdkmediapipelines-2.17.292.jar:/home/ec2-user/.m2/repository/software/amazon/awssdk/emrserverless/2.17.292/emrserverless-2.17.292.jar:/home/ec2-user/.m2/repository/software/amazon/awssdk/m2/2.17.292/m2-2.17.292.jar:/home/ec2-user/.m2/repository/software/amazon/awssdk/connectcampaigns/2.17.292/connectcampaigns-2.17.292.jar:/home/ec2-user/.m2/repository/software/amazon/awssdk/redshiftserverless/2.17.292/redshiftserverless-2.17.292.jar:/home/ec2-user/.m2/repository/software/amazon/awssdk/rolesanywhere/2.17.292/rolesanywhere-2.17.292.jar:/home/ec2-user/.m2/repository/software/amazon/awssdk/licensemanagerusersubscriptions/2.17.292/licensemanagerusersubscriptions-2.17.292.jar:/home/ec2-user/.m2/repository/software/amazon/awssdk/backupstorage/2.17.292/backupstorage-2.17.292.jar:/home/ec2-user/.m2/repository/software/amazon/awssdk/privatenetworks/2.17.292/privatenetworks-2.17.292.jar:/home/ec2-user/.m2/repository/software/amazon/awssdk/supportapp/2.17.292/supportapp-2.17.292.jar:/home/ec2-user/.m2/repository/software/amazon/awssdk/controltower/2.17.292/controltower-2.17.292.jar:/home/ec2-user/.m2/repository/software/amazon/awssdk/iotfleetwise/2.17.292/iotfleetwise-2.17.292.jar:/home/ec2-user/.m2/repository/software/amazon/awssdk/migrationhuborchestrator/2.17.292/migrationhuborchestrator-2.17.292.jar:/home/ec2-user/.m2/repository/software/amazon/awssdk/connectcases/2.17.292/connectcases-2.17.292.jar:"/>
    <property name="sun.cpu.endian" value="little"/>
    <property name="user.home" value="/home/ec2-user"/>
    <property name="user.language" value="en"/>
    <property name="java.specification.vendor" value="Oracle Corporation"/>
    <property name="java.version.date" value="2022-10-18"/>
    <property name="java.home" value="/usr/lib/jvm/java-11-amazon-corretto"/>
    <property name="file.separator" value="/"/>
    <property name="basedir" value="/home/ec2-user/environment/Eksamen-DevOps"/>
    <property name="java.vm.compressedOopsMode" value="32-bit"/>
    <property name="line.separator" value="&#10;"/>
    <property name="java.specification.name" value="Java Platform API Specification"/>
    <property name="java.vm.specification.vendor" value="Oracle Corporation"/>
    <property name="java.awt.graphicsenv" value="sun.awt.X11GraphicsEnvironment"/>
    <property name="surefire.real.class.path" value="/home/ec2-user/environment/Eksamen-DevOps/target/surefire/surefirebooter522569074367091862.jar"/>
    <property name="sun.management.compiler" value="HotSpot 64-Bit Tiered Compilers"/>
    <property name="java.runtime.version" value="11.0.17+8-LTS"/>
    <property name="user.name" value="ec2-user"/>
    <property name="path.separator" value=":"/>
    <property name="os.version" value="4.14.294-150.533.amzn1.x86_64"/>
    <property name="java.runtime.name" value="OpenJDK Runtime Environment"/>
    <property name="file.encoding" value="UTF-8"/>
    <property name="java.vm.name" value="OpenJDK 64-Bit Server VM"/>
    <property name="java.vendor.version" value="Corretto-11.0.17.8.1"/>
    <property name="localRepository" value="/home/ec2-user/.m2/repository"/>
    <property name="java.vendor.url.bug" value="https://github.com/corretto/corretto-11/issues/"/>
    <property name="java.io.tmpdir" value="/tmp"/>
    <property name="java.version" value="11.0.17"/>
    <property name="user.dir" value="/home/ec2-user/environment/Eksamen-DevOps"/>
    <property name="os.arch" value="amd64"/>
    <property name="java.vm.specification.name" value="Java Virtual Machine Specification"/>
    <property name="java.awt.printerjob" value="sun.print.PSPrinterJob"/>
    <property name="sun.os.patch.level" value="unknown"/>
    <property name="java.library.path" value="/usr/java/packages/lib:/usr/lib64:/lib64:/lib:/usr/lib"/>
    <property name="java.vm.info" value="mixed mode"/>
    <property name="java.vendor" value="Amazon.com Inc."/>
    <property name="java.vm.version" value="11.0.17+8-LTS"/>
    <property name="sun.io.unicode.encoding" value="UnicodeLittle"/>
    <property name="java.class.version" value="55.0"/>
  </properties>
  <testcase name="shouldRemoveCartAfterCheckout" classname="no.shoppifly.CartServiceTest" time="0.092"/>
</testsuite>